Copyright 1986-2022 Xilinx, Inc. All Rights Reserved. Copyright 2022-2024 Advanced Micro Devices, Inc. All Rights Reserved.
------------------------------------------------------------------------------------------------------------------------------------------------------------------------------------------------------------------------
| Tool Version : Vivado v.2024.2 (win64) Build 5239630 Fri Nov 08 22:35:27 MST 2024
| Date         : Tue Dec  9 11:37:02 2025
| Host         : BadSugarDaddy running 64-bit major release  (build 9200)
| Command      : report_timing_summary -max_paths 10 -report_unconstrained -file Processor_timing_summary_routed.rpt -pb Processor_timing_summary_routed.pb -rpx Processor_timing_summary_routed.rpx -warn_on_violation
| Design       : Processor
| Device       : 7z020-clg400
| Speed File   : -1  PRODUCTION 1.12 2019-11-22
| Design State : Routed
------------------------------------------------------------------------------------------------------------------------------------------------------------------------------------------------------------------------

Timing Summary Report

------------------------------------------------------------------------------------------------
| Timer Settings
| --------------
------------------------------------------------------------------------------------------------

  Enable Multi Corner Analysis               :  Yes
  Enable Pessimism Removal                   :  Yes
  Pessimism Removal Resolution               :  Nearest Common Node
  Enable Input Delay Default Clock           :  No
  Enable Preset / Clear Arcs                 :  No
  Disable Flight Delays                      :  No
  Ignore I/O Paths                           :  No
  Timing Early Launch at Borrowing Latches   :  No
  Borrow Time for Max Delay Exceptions       :  Yes
  Merge Timing Exceptions                    :  Yes
  Inter-SLR Compensation                     :  Conservative

  Corner  Analyze    Analyze    
  Name    Max Paths  Min Paths  
  ------  ---------  ---------  
  Slow    Yes        Yes        
  Fast    Yes        Yes        


------------------------------------------------------------------------------------------------
| Report Methodology
| ------------------
------------------------------------------------------------------------------------------------

Rule       Severity          Description                                 Violations  
---------  ----------------  ------------------------------------------  ----------  
TIMING-17  Critical Warning  Non-clocked sequential cell                 1000        
SYNTH-6    Warning           Timing of a RAM block might be sub-optimal  8           
SYNTH-15   Warning           Byte wide write enable not inferred         8           

Note: This report is based on the most recent report_methodology run and may not be up-to-date. Run report_methodology on the current design for the latest report.



check_timing report

Table of Contents
-----------------
1. checking no_clock (1587)
2. checking constant_clock (0)
3. checking pulse_width_clock (0)
4. checking unconstrained_internal_endpoints (3865)
5. checking no_input_delay (1)
6. checking no_output_delay (5)
7. checking multiple_clock (0)
8. checking generated_clocks (0)
9. checking loops (0)
10. checking partial_input_delay (0)
11. checking partial_output_delay (0)
12. checking latch_loops (0)

1. checking no_clock (1587)
---------------------------
 There are 16 register/latch pins with no clock driven by root clock pin: clock_mem (HIGH)

 There are 1571 register/latch pins with no clock driven by root clock pin: clock_proc (HIGH)


2. checking constant_clock (0)
------------------------------
 There are 0 register/latch pins with constant_clock.


3. checking pulse_width_clock (0)
---------------------------------
 There are 0 register/latch pins which need pulse_width check


4. checking unconstrained_internal_endpoints (3865)
---------------------------------------------------
 There are 3865 pins that are not constrained for maximum delay. (HIGH)

 There are 0 pins that are not constrained for maximum delay due to constant clock.


5. checking no_input_delay (1)
------------------------------
 There is 1 input port with no input delay specified. (HIGH)

 There are 0 input ports with no input delay but user has a false path constraint.


6. checking no_output_delay (5)
-------------------------------
 There are 5 ports with no output delay specified. (HIGH)

 There are 0 ports with no output delay but user has a false path constraint

 There are 0 ports with no output delay but with a timing clock defined on it or propagating through it


7. checking multiple_clock (0)
------------------------------
 There are 0 register/latch pins with multiple clocks.


8. checking generated_clocks (0)
--------------------------------
 There are 0 generated clocks that are not connected to a clock source.


9. checking loops (0)
---------------------
 There are 0 combinational loops in the design.


10. checking partial_input_delay (0)
------------------------------------
 There are 0 input ports with partial input delay specified.


11. checking partial_output_delay (0)
-------------------------------------
 There are 0 ports with partial output delay specified.


12. checking latch_loops (0)
----------------------------
 There are 0 combinational latch loops in the design through latch input



------------------------------------------------------------------------------------------------
| Design Timing Summary
| ---------------------
------------------------------------------------------------------------------------------------

    WNS(ns)      TNS(ns)  TNS Failing Endpoints  TNS Total Endpoints      WHS(ns)      THS(ns)  THS Failing Endpoints  THS Total Endpoints     WPWS(ns)     TPWS(ns)  TPWS Failing Endpoints  TPWS Total Endpoints  
    -------      -------  ---------------------  -------------------      -------      -------  ---------------------  -------------------     --------     --------  ----------------------  --------------------  
        inf        0.000                      0                 3870          inf        0.000                      0                 3870           NA           NA                      NA                    NA  


There are no user specified timing constraints.


------------------------------------------------------------------------------------------------
| Clock Summary
| -------------
------------------------------------------------------------------------------------------------


------------------------------------------------------------------------------------------------
| Intra Clock Table
| -----------------
------------------------------------------------------------------------------------------------

Clock             WNS(ns)      TNS(ns)  TNS Failing Endpoints  TNS Total Endpoints      WHS(ns)      THS(ns)  THS Failing Endpoints  THS Total Endpoints     WPWS(ns)     TPWS(ns)  TPWS Failing Endpoints  TPWS Total Endpoints  
-----             -------      -------  ---------------------  -------------------      -------      -------  ---------------------  -------------------     --------     --------  ----------------------  --------------------  


------------------------------------------------------------------------------------------------
| Inter Clock Table
| -----------------
------------------------------------------------------------------------------------------------

From Clock    To Clock          WNS(ns)      TNS(ns)  TNS Failing Endpoints  TNS Total Endpoints      WHS(ns)      THS(ns)  THS Failing Endpoints  THS Total Endpoints  
----------    --------          -------      -------  ---------------------  -------------------      -------      -------  ---------------------  -------------------  


------------------------------------------------------------------------------------------------
| Other Path Groups Table
| -----------------------
------------------------------------------------------------------------------------------------

Path Group    From Clock    To Clock          WNS(ns)      TNS(ns)  TNS Failing Endpoints  TNS Total Endpoints      WHS(ns)      THS(ns)  THS Failing Endpoints  THS Total Endpoints  
----------    ----------    --------          -------      -------  ---------------------  -------------------      -------      -------  ---------------------  -------------------  


------------------------------------------------------------------------------------------------
| User Ignored Path Table
| -----------------------
------------------------------------------------------------------------------------------------

Path Group    From Clock    To Clock    
----------    ----------    --------    


------------------------------------------------------------------------------------------------
| Unconstrained Path Table
| ------------------------
------------------------------------------------------------------------------------------------

Path Group    From Clock    To Clock    
----------    ----------    --------    
(none)                                    


------------------------------------------------------------------------------------------------
| Timing Details
| --------------
------------------------------------------------------------------------------------------------


--------------------------------------------------------------------------------------
Path Group:  (none)
From Clock:  
  To Clock:  

Max Delay          3870 Endpoints
Min Delay          3870 Endpoints
--------------------------------------------------------------------------------------


Max Delay Paths
--------------------------------------------------------------------------------------
Slack:                    inf
  Source:                 datapath/div/rem_reg_reg[7][10]/C
                            (rising edge-triggered cell FDRE)
  Destination:            led_bcd[2]
                            (output port)
  Path Group:             (none)
  Path Type:              Max at Slow Process Corner
  Data Path Delay:        31.245ns  (logic 7.407ns (23.705%)  route 23.838ns (76.295%))
  Logic Levels:           25  (CARRY4=13 FDRE=1 LUT3=2 LUT4=2 LUT5=2 LUT6=4 OBUF=1)

    Location             Delay type                Incr(ns)  Path(ns)    Netlist Resource(s)
  -------------------------------------------------------------------    -------------------
    SLICE_X36Y11         FDRE                         0.000     0.000 r  datapath/div/rem_reg_reg[7][10]/C
    SLICE_X36Y11         FDRE (Prop_fdre_C_Q)         0.518     0.518 r  datapath/div/rem_reg_reg[7][10]/Q
                         net (fo=10, routed)          2.031     2.549    datapath/div/rem_reg_reg_n_0_[7][10]
    SLICE_X29Y12         LUT4 (Prop_lut4_I3_O)        0.124     2.673 r  datapath/div/mem_array_reg_0_0_i_549/O
                         net (fo=1, routed)           0.000     2.673    datapath/div/mem_array_reg_0_0_i_549_n_0
    SLICE_X29Y12         CARRY4 (Prop_carry4_S[1]_CO[3])
                                                      0.550     3.223 r  datapath/div/mem_array_reg_0_0_i_463/CO[3]
                         net (fo=1, routed)           0.000     3.223    datapath/div/mem_array_reg_0_0_i_463_n_0
    SLICE_X29Y13         CARRY4 (Prop_carry4_CI_CO[3])
                                                      0.114     3.337 r  datapath/div/mem_array_reg_0_0_i_352/CO[3]
                         net (fo=1, routed)           0.000     3.337    datapath/div/mem_array_reg_0_0_i_352_n_0
    SLICE_X29Y14         CARRY4 (Prop_carry4_CI_CO[3])
                                                      0.114     3.451 r  datapath/div/mem_array_reg_0_0_i_187/CO[3]
                         net (fo=165, routed)         2.787     6.238    datapath/div/mem_array_reg_0_0_i_187_n_0
    SLICE_X31Y9          LUT3 (Prop_lut3_I2_O)        0.124     6.362 f  datapath/div/mem_array_reg_0_0_i_607/O
                         net (fo=2, routed)           0.677     7.038    datapath/div/rem_wire[29]_87[4]
    SLICE_X31Y9          LUT6 (Prop_lut6_I4_O)        0.124     7.162 r  datapath/div/mem_array_reg_0_0_i_595/O
                         net (fo=1, routed)           0.677     7.839    datapath/div/mem_array_reg_0_0_i_595_n_0
    SLICE_X31Y11         CARRY4 (Prop_carry4_DI[2]_CO[3])
                                                      0.398     8.237 r  datapath/div/mem_array_reg_0_0_i_551/CO[3]
                         net (fo=1, routed)           0.000     8.237    datapath/div/mem_array_reg_0_0_i_551_n_0
    SLICE_X31Y12         CARRY4 (Prop_carry4_CI_CO[3])
                                                      0.114     8.351 r  datapath/div/mem_array_reg_0_0_i_472/CO[3]
                         net (fo=1, routed)           0.000     8.351    datapath/div/mem_array_reg_0_0_i_472_n_0
    SLICE_X31Y13         CARRY4 (Prop_carry4_CI_CO[3])
                                                      0.114     8.465 r  datapath/div/mem_array_reg_0_0_i_365/CO[3]
                         net (fo=1, routed)           0.000     8.465    datapath/div/mem_array_reg_0_0_i_365_n_0
    SLICE_X31Y14         CARRY4 (Prop_carry4_CI_CO[3])
                                                      0.114     8.579 r  datapath/div/mem_array_reg_0_0_i_195/CO[3]
                         net (fo=69, routed)          2.369    10.948    datapath/div/mem_array_reg_0_0_i_195_n_0
    SLICE_X30Y9          LUT5 (Prop_lut5_I4_O)        0.124    11.072 r  datapath/div/mem_array_reg_0_0_i_313/O
                         net (fo=8, routed)           2.037    13.109    datapath/div/rem_wire[30]_88[6]
    SLICE_X30Y11         LUT4 (Prop_lut4_I3_O)        0.124    13.233 r  datapath/div/mem_array_reg_0_0_i_579/O
                         net (fo=1, routed)           0.000    13.233    datapath/div/mem_array_reg_0_0_i_579_n_0
    SLICE_X30Y11         CARRY4 (Prop_carry4_S[3]_CO[3])
                                                      0.376    13.609 r  datapath/div/mem_array_reg_0_0_i_505/CO[3]
                         net (fo=1, routed)           0.000    13.609    datapath/div/mem_array_reg_0_0_i_505_n_0
    SLICE_X30Y12         CARRY4 (Prop_carry4_CI_CO[3])
                                                      0.117    13.726 r  datapath/div/mem_array_reg_0_0_i_399/CO[3]
                         net (fo=1, routed)           0.000    13.726    datapath/div/mem_array_reg_0_0_i_399_n_0
    SLICE_X30Y13         CARRY4 (Prop_carry4_CI_CO[3])
                                                      0.117    13.843 r  datapath/div/mem_array_reg_0_0_i_248/CO[3]
                         net (fo=1, routed)           0.000    13.843    datapath/div/mem_array_reg_0_0_i_248_n_0
    SLICE_X30Y14         CARRY4 (Prop_carry4_CI_CO[3])
                                                      0.117    13.960 r  datapath/div/mem_array_reg_0_0_i_99/CO[3]
                         net (fo=128, routed)         3.413    17.373    datapath/div/mem_array_reg_0_0_i_99_n_0
    SLICE_X25Y15         LUT3 (Prop_lut3_I2_O)        0.152    17.525 f  datapath/div/regs[1][21]_i_4/O
                         net (fo=3, routed)           0.809    18.334    datapath/div/rem_wire[31]_89[20]
    SLICE_X27Y15         LUT6 (Prop_lut6_I4_O)        0.326    18.660 r  datapath/div/led_bcd_OBUF[0]_inst_i_47/O
                         net (fo=1, routed)           0.484    19.144    datapath/div/led_bcd_OBUF[0]_inst_i_47_n_0
    SLICE_X26Y12         CARRY4 (Prop_carry4_DI[2]_CO[3])
                                                      0.404    19.548 r  datapath/div/led_bcd_OBUF[0]_inst_i_14/CO[3]
                         net (fo=1, routed)           0.000    19.548    datapath/div/led_bcd_OBUF[0]_inst_i_14_n_0
    SLICE_X26Y13         CARRY4 (Prop_carry4_CI_CO[3])
                                                      0.117    19.665 r  datapath/div/led_bcd_OBUF[0]_inst_i_5/CO[3]
                         net (fo=35, routed)          0.995    20.660    datapath/div/CO[0]
    SLICE_X29Y7          LUT6 (Prop_lut6_I3_O)        0.124    20.784 r  datapath/div/mem_array_reg_0_0_i_73/O
                         net (fo=1, routed)           1.281    22.065    memory/mem_array_reg_0_0_5
    SLICE_X38Y3          LUT6 (Prop_lut6_I5_O)        0.124    22.189 r  memory/mem_array_reg_0_0_i_14/O
                         net (fo=9, routed)           1.906    24.094    memory/mem_data_addr[2]
    SLICE_X23Y0          LUT5 (Prop_lut5_I4_O)        0.124    24.218 r  memory/led_bcd_OBUF[2]_inst_i_1/O
                         net (fo=32, routed)          4.374    28.592    led_bcd_OBUF[2]
    V10                  OBUF (Prop_obuf_I_O)         2.653    31.245 r  led_bcd_OBUF[2]_inst/O
                         net (fo=0)                   0.000    31.245    led_bcd[2]
    V10                                                               r  led_bcd[2] (OUT)
  -------------------------------------------------------------------    -------------------

Slack:                    inf
  Source:                 memory/mem_array_reg_2_0/CLKBWRCLK
                            (rising edge-triggered cell RAMB36E1)
  Destination:            led_bcd[0]
                            (output port)
  Path Group:             (none)
  Path Type:              Max at Slow Process Corner
  Data Path Delay:        30.751ns  (logic 6.804ns (22.125%)  route 23.947ns (77.875%))
  Logic Levels:           12  (LUT3=3 LUT5=2 LUT6=4 MUXF7=1 OBUF=1 RAMB36E1=1)

    Location             Delay type                Incr(ns)  Path(ns)    Netlist Resource(s)
  -------------------------------------------------------------------    -------------------
    RAMB36_X3Y1          RAMB36E1                     0.000     0.000 r  memory/mem_array_reg_2_0/CLKBWRCLK
    RAMB36_X3Y1          RAMB36E1 (Prop_ramb36e1_CLKBWRCLK_DOBDO[3])
                                                      2.454     2.454 r  memory/mem_array_reg_2_0/DOBDO[3]
                         net (fo=261, routed)         9.092    11.546    datapath/rf/inst_from_imem[7]
    SLICE_X14Y3          LUT6 (Prop_lut6_I4_O)        0.124    11.670 r  datapath/rf/dend_reg_reg[4][27]_srl4_i_11/O
                         net (fo=1, routed)           0.000    11.670    datapath/rf/dend_reg_reg[4][27]_srl4_i_11_n_0
    SLICE_X14Y3          MUXF7 (Prop_muxf7_I1_O)      0.214    11.884 r  datapath/rf/dend_reg_reg[4][27]_srl4_i_4/O
                         net (fo=1, routed)           0.961    12.844    datapath/rf/dend_reg_reg[4][27]_srl4_i_4_n_0
    SLICE_X11Y3          LUT6 (Prop_lut6_I3_O)        0.297    13.141 r  datapath/rf/dend_reg_reg[4][27]_srl4_i_1/O
                         net (fo=23, routed)          3.463    16.604    datapath/rf/mem_array_reg_1_1_14
    SLICE_X46Y4          LUT3 (Prop_lut3_I1_O)        0.124    16.728 f  datapath/rf/mem_array_reg_0_0_i_434/O
                         net (fo=3, routed)           0.817    17.546    datapath/rf/mem_array_reg_1_1_48
    SLICE_X46Y4          LUT5 (Prop_lut5_I2_O)        0.124    17.670 f  datapath/rf/mem_array_reg_0_0_i_459/O
                         net (fo=1, routed)           0.639    18.309    datapath/rf/mem_array_reg_0_0_i_459_n_0
    SLICE_X44Y4          LUT3 (Prop_lut3_I2_O)        0.150    18.459 f  datapath/rf/mem_array_reg_0_0_i_350/O
                         net (fo=4, routed)           1.318    19.777    datapath/rf/mem_array_reg_1_0_0
    SLICE_X44Y2          LUT5 (Prop_lut5_I4_O)        0.326    20.103 f  datapath/rf/led_bcd_OBUF[1]_inst_i_9/O
                         net (fo=2, routed)           0.722    20.825    datapath/rf/mem_array_reg_1_0
    SLICE_X45Y2          LUT3 (Prop_lut3_I2_O)        0.124    20.949 f  datapath/rf/led_bcd_OBUF[0]_inst_i_11/O
                         net (fo=1, routed)           1.142    22.091    memory/regs_reg[31][0]
    SLICE_X34Y2          LUT6 (Prop_lut6_I3_O)        0.124    22.215 r  memory/led_bcd_OBUF[0]_inst_i_4/O
                         net (fo=1, routed)           0.787    23.002    memory/led_bcd_OBUF[0]_inst_i_4_n_0
    SLICE_X32Y7          LUT6 (Prop_lut6_I5_O)        0.124    23.126 r  memory/led_bcd_OBUF[0]_inst_i_1/O
                         net (fo=32, routed)          5.007    28.132    led_bcd_OBUF[0]
    W6                   OBUF (Prop_obuf_I_O)         2.619    30.751 r  led_bcd_OBUF[0]_inst/O
                         net (fo=0)                   0.000    30.751    led_bcd[0]
    W6                                                                r  led_bcd[0] (OUT)
  -------------------------------------------------------------------    -------------------

Slack:                    inf
  Source:                 memory/mem_array_reg_2_1/CLKBWRCLK
                            (rising edge-triggered cell RAMB36E1)
  Destination:            datapath/div/quot_reg_reg[6][20]_srl6/D
  Path Group:             (none)
  Path Type:              Max at Slow Process Corner
  Data Path Delay:        30.697ns  (logic 7.433ns (24.214%)  route 23.264ns (75.786%))
  Logic Levels:           24  (CARRY4=13 LUT1=1 LUT2=1 LUT3=1 LUT5=2 LUT6=4 MUXF7=1 RAMB36E1=1)

    Location             Delay type                Incr(ns)  Path(ns)    Netlist Resource(s)
  -------------------------------------------------------------------    -------------------
    RAMB36_X1Y2          RAMB36E1                     0.000     0.000 r  memory/mem_array_reg_2_1/CLKBWRCLK
    RAMB36_X1Y2          RAMB36E1 (Prop_ramb36e1_CLKBWRCLK_DOBDO[3])
                                                      2.454     2.454 r  memory/mem_array_reg_2_1/DOBDO[3]
                         net (fo=265, routed)         9.324    11.778    datapath/rf/inst_from_imem[11]
    SLICE_X3Y22          LUT6 (Prop_lut6_I2_O)        0.124    11.902 f  datapath/rf/mem_array_reg_3_0_i_44/O
                         net (fo=1, routed)           0.000    11.902    datapath/rf/mem_array_reg_3_0_i_44_n_0
    SLICE_X3Y22          MUXF7 (Prop_muxf7_I1_O)      0.245    12.147 f  datapath/rf/mem_array_reg_3_0_i_16/O
                         net (fo=1, routed)           0.946    13.093    datapath/rf/mem_array_reg_3_0_i_16_n_0
    SLICE_X3Y19          LUT6 (Prop_lut6_I5_O)        0.298    13.391 f  datapath/rf/mem_array_reg_3_0_i_3/O
                         net (fo=21, routed)          2.013    15.404    datapath/rf/I53[25]
    SLICE_X10Y12         LUT2 (Prop_lut2_I1_O)        0.124    15.528 r  datapath/rf/quot_reg_reg[6][23]_srl6_i_11/O
                         net (fo=1, routed)           0.000    15.528    datapath/rf/quot_reg_reg[6][23]_srl6_i_11_n_0
    SLICE_X10Y12         CARRY4 (Prop_carry4_S[0]_CO[3])
                                                      0.513    16.041 r  datapath/rf/quot_reg_reg[6][23]_srl6_i_2/CO[3]
                         net (fo=235, routed)         0.918    16.959    datapath/rf/quot_reg_reg[6][23]_srl6_i_2_n_0
    SLICE_X8Y12          LUT6 (Prop_lut6_I2_O)        0.124    17.083 r  datapath/rf/quot_reg_reg[6][22]_srl6_i_33/O
                         net (fo=1, routed)           0.474    17.557    datapath/rf/quot_reg_reg[6][22]_srl6_i_33_n_0
    SLICE_X8Y13          CARRY4 (Prop_carry4_DI[0]_CO[3])
                                                      0.550    18.107 r  datapath/rf/quot_reg_reg[6][22]_srl6_i_21/CO[3]
                         net (fo=1, routed)           0.000    18.107    datapath/rf/quot_reg_reg[6][22]_srl6_i_21_n_0
    SLICE_X8Y14          CARRY4 (Prop_carry4_CI_CO[3])
                                                      0.117    18.224 r  datapath/rf/quot_reg_reg[6][22]_srl6_i_12/CO[3]
                         net (fo=1, routed)           0.000    18.224    datapath/rf/quot_reg_reg[6][22]_srl6_i_12_n_0
    SLICE_X8Y15          CARRY4 (Prop_carry4_CI_CO[3])
                                                      0.117    18.341 r  datapath/rf/quot_reg_reg[6][22]_srl6_i_3/CO[3]
                         net (fo=1, routed)           0.000    18.341    datapath/rf/quot_reg_reg[6][22]_srl6_i_3_n_0
    SLICE_X8Y16          CARRY4 (Prop_carry4_CI_CO[3])
                                                      0.117    18.458 r  datapath/rf/quot_reg_reg[6][22]_srl6_i_2/CO[3]
                         net (fo=150, routed)         2.749    21.207    datapath/rf/quot_reg_reg[6][22]_srl6_i_2_n_0
    SLICE_X8Y12          LUT5 (Prop_lut5_I4_O)        0.146    21.353 r  datapath/rf/rem_reg[1][3]_i_2/O
                         net (fo=8, routed)           0.980    22.334    datapath/rf/div/rem_wire[2]_0[1]
    SLICE_X4Y14          LUT3 (Prop_lut3_I0_O)        0.328    22.662 r  datapath/rf/rem_reg[1][30]_i_125/O
                         net (fo=1, routed)           0.000    22.662    datapath/rf/rem_reg[1][30]_i_125_n_0
    SLICE_X4Y14          CARRY4 (Prop_carry4_S[1]_CO[3])
                                                      0.533    23.195 r  datapath/rf/rem_reg_reg[1][30]_i_88/CO[3]
                         net (fo=1, routed)           0.000    23.195    datapath/rf/rem_reg_reg[1][30]_i_88_n_0
    SLICE_X4Y15          CARRY4 (Prop_carry4_CI_CO[3])
                                                      0.117    23.312 r  datapath/rf/rem_reg_reg[1][30]_i_54/CO[3]
                         net (fo=1, routed)           0.000    23.312    datapath/rf/rem_reg_reg[1][30]_i_54_n_0
    SLICE_X4Y16          CARRY4 (Prop_carry4_CI_CO[3])
                                                      0.117    23.429 r  datapath/rf/rem_reg_reg[1][30]_i_15/CO[3]
                         net (fo=1, routed)           0.000    23.429    datapath/rf/rem_reg_reg[1][30]_i_15_n_0
    SLICE_X4Y17          CARRY4 (Prop_carry4_CI_CO[3])
                                                      0.117    23.546 r  datapath/rf/rem_reg_reg[1][30]_i_4/CO[3]
                         net (fo=45, routed)          2.334    25.880    datapath/rf/rem_reg_reg[1][30]_i_4_n_0
    SLICE_X11Y12         LUT5 (Prop_lut5_I4_O)        0.124    26.004 r  datapath/rf/rem_reg[1][2]_i_2/O
                         net (fo=4, routed)           0.969    26.973    datapath/rf/div/rem_wire[3]_1[1]
    SLICE_X11Y14         LUT6 (Prop_lut6_I4_O)        0.124    27.097 r  datapath/rf/rem_reg[1][30]_i_145/O
                         net (fo=1, routed)           0.000    27.097    datapath/rf/rem_reg[1][30]_i_145_n_0
    SLICE_X11Y14         CARRY4 (Prop_carry4_S[1]_CO[3])
                                                      0.550    27.647 r  datapath/rf/rem_reg_reg[1][30]_i_109/CO[3]
                         net (fo=1, routed)           0.000    27.647    datapath/rf/rem_reg_reg[1][30]_i_109_n_0
    SLICE_X11Y15         CARRY4 (Prop_carry4_CI_CO[3])
                                                      0.114    27.761 r  datapath/rf/rem_reg_reg[1][30]_i_74/CO[3]
                         net (fo=1, routed)           0.000    27.761    datapath/rf/rem_reg_reg[1][30]_i_74_n_0
    SLICE_X11Y16         CARRY4 (Prop_carry4_CI_CO[3])
                                                      0.114    27.875 r  datapath/rf/rem_reg_reg[1][30]_i_27/CO[3]
                         net (fo=1, routed)           0.000    27.875    datapath/rf/rem_reg_reg[1][30]_i_27_n_0
    SLICE_X11Y17         CARRY4 (Prop_carry4_CI_CO[3])
                                                      0.114    27.989 f  datapath/rf/rem_reg_reg[1][30]_i_6/CO[3]
                         net (fo=32, routed)          2.063    30.053    datapath/rf/rem_reg_reg[1][30]_i_6_n_0
    SLICE_X11Y12         LUT1 (Prop_lut1_I0_O)        0.152    30.205 r  datapath/rf/quot_reg_reg[6][20]_srl6_i_1/O
                         net (fo=1, routed)           0.493    30.697    datapath/div/quot_wire[4]_38[0]
    SLICE_X14Y13         SRL16E                                       r  datapath/div/quot_reg_reg[6][20]_srl6/D
  -------------------------------------------------------------------    -------------------

Slack:                    inf
  Source:                 memory/mem_array_reg_2_1/CLKBWRCLK
                            (rising edge-triggered cell RAMB36E1)
  Destination:            datapath/div/rem_reg_reg[1][29]/D
  Path Group:             (none)
  Path Type:              Max at Slow Process Corner
  Data Path Delay:        30.621ns  (logic 7.405ns (24.183%)  route 23.216ns (75.817%))
  Logic Levels:           24  (CARRY4=13 LUT2=1 LUT3=2 LUT5=2 LUT6=4 MUXF7=1 RAMB36E1=1)

    Location             Delay type                Incr(ns)  Path(ns)    Netlist Resource(s)
  -------------------------------------------------------------------    -------------------
    RAMB36_X1Y2          RAMB36E1                     0.000     0.000 r  memory/mem_array_reg_2_1/CLKBWRCLK
    RAMB36_X1Y2          RAMB36E1 (Prop_ramb36e1_CLKBWRCLK_DOBDO[3])
                                                      2.454     2.454 r  memory/mem_array_reg_2_1/DOBDO[3]
                         net (fo=265, routed)         9.324    11.778    datapath/rf/inst_from_imem[11]
    SLICE_X3Y22          LUT6 (Prop_lut6_I2_O)        0.124    11.902 f  datapath/rf/mem_array_reg_3_0_i_44/O
                         net (fo=1, routed)           0.000    11.902    datapath/rf/mem_array_reg_3_0_i_44_n_0
    SLICE_X3Y22          MUXF7 (Prop_muxf7_I1_O)      0.245    12.147 f  datapath/rf/mem_array_reg_3_0_i_16/O
                         net (fo=1, routed)           0.946    13.093    datapath/rf/mem_array_reg_3_0_i_16_n_0
    SLICE_X3Y19          LUT6 (Prop_lut6_I5_O)        0.298    13.391 f  datapath/rf/mem_array_reg_3_0_i_3/O
                         net (fo=21, routed)          2.013    15.404    datapath/rf/I53[25]
    SLICE_X10Y12         LUT2 (Prop_lut2_I1_O)        0.124    15.528 r  datapath/rf/quot_reg_reg[6][23]_srl6_i_11/O
                         net (fo=1, routed)           0.000    15.528    datapath/rf/quot_reg_reg[6][23]_srl6_i_11_n_0
    SLICE_X10Y12         CARRY4 (Prop_carry4_S[0]_CO[3])
                                                      0.513    16.041 r  datapath/rf/quot_reg_reg[6][23]_srl6_i_2/CO[3]
                         net (fo=235, routed)         0.918    16.959    datapath/rf/quot_reg_reg[6][23]_srl6_i_2_n_0
    SLICE_X8Y12          LUT6 (Prop_lut6_I2_O)        0.124    17.083 r  datapath/rf/quot_reg_reg[6][22]_srl6_i_33/O
                         net (fo=1, routed)           0.474    17.557    datapath/rf/quot_reg_reg[6][22]_srl6_i_33_n_0
    SLICE_X8Y13          CARRY4 (Prop_carry4_DI[0]_CO[3])
                                                      0.550    18.107 r  datapath/rf/quot_reg_reg[6][22]_srl6_i_21/CO[3]
                         net (fo=1, routed)           0.000    18.107    datapath/rf/quot_reg_reg[6][22]_srl6_i_21_n_0
    SLICE_X8Y14          CARRY4 (Prop_carry4_CI_CO[3])
                                                      0.117    18.224 r  datapath/rf/quot_reg_reg[6][22]_srl6_i_12/CO[3]
                         net (fo=1, routed)           0.000    18.224    datapath/rf/quot_reg_reg[6][22]_srl6_i_12_n_0
    SLICE_X8Y15          CARRY4 (Prop_carry4_CI_CO[3])
                                                      0.117    18.341 r  datapath/rf/quot_reg_reg[6][22]_srl6_i_3/CO[3]
                         net (fo=1, routed)           0.000    18.341    datapath/rf/quot_reg_reg[6][22]_srl6_i_3_n_0
    SLICE_X8Y16          CARRY4 (Prop_carry4_CI_CO[3])
                                                      0.117    18.458 r  datapath/rf/quot_reg_reg[6][22]_srl6_i_2/CO[3]
                         net (fo=150, routed)         2.749    21.207    datapath/rf/quot_reg_reg[6][22]_srl6_i_2_n_0
    SLICE_X8Y12          LUT5 (Prop_lut5_I4_O)        0.146    21.353 r  datapath/rf/rem_reg[1][3]_i_2/O
                         net (fo=8, routed)           0.980    22.334    datapath/rf/div/rem_wire[2]_0[1]
    SLICE_X4Y14          LUT3 (Prop_lut3_I0_O)        0.328    22.662 r  datapath/rf/rem_reg[1][30]_i_125/O
                         net (fo=1, routed)           0.000    22.662    datapath/rf/rem_reg[1][30]_i_125_n_0
    SLICE_X4Y14          CARRY4 (Prop_carry4_S[1]_CO[3])
                                                      0.533    23.195 r  datapath/rf/rem_reg_reg[1][30]_i_88/CO[3]
                         net (fo=1, routed)           0.000    23.195    datapath/rf/rem_reg_reg[1][30]_i_88_n_0
    SLICE_X4Y15          CARRY4 (Prop_carry4_CI_CO[3])
                                                      0.117    23.312 r  datapath/rf/rem_reg_reg[1][30]_i_54/CO[3]
                         net (fo=1, routed)           0.000    23.312    datapath/rf/rem_reg_reg[1][30]_i_54_n_0
    SLICE_X4Y16          CARRY4 (Prop_carry4_CI_CO[3])
                                                      0.117    23.429 r  datapath/rf/rem_reg_reg[1][30]_i_15/CO[3]
                         net (fo=1, routed)           0.000    23.429    datapath/rf/rem_reg_reg[1][30]_i_15_n_0
    SLICE_X4Y17          CARRY4 (Prop_carry4_CI_CO[3])
                                                      0.117    23.546 r  datapath/rf/rem_reg_reg[1][30]_i_4/CO[3]
                         net (fo=45, routed)          2.334    25.880    datapath/rf/rem_reg_reg[1][30]_i_4_n_0
    SLICE_X11Y12         LUT5 (Prop_lut5_I4_O)        0.124    26.004 r  datapath/rf/rem_reg[1][2]_i_2/O
                         net (fo=4, routed)           0.969    26.973    datapath/rf/div/rem_wire[3]_1[1]
    SLICE_X11Y14         LUT6 (Prop_lut6_I4_O)        0.124    27.097 r  datapath/rf/rem_reg[1][30]_i_145/O
                         net (fo=1, routed)           0.000    27.097    datapath/rf/rem_reg[1][30]_i_145_n_0
    SLICE_X11Y14         CARRY4 (Prop_carry4_S[1]_CO[3])
                                                      0.550    27.647 r  datapath/rf/rem_reg_reg[1][30]_i_109/CO[3]
                         net (fo=1, routed)           0.000    27.647    datapath/rf/rem_reg_reg[1][30]_i_109_n_0
    SLICE_X11Y15         CARRY4 (Prop_carry4_CI_CO[3])
                                                      0.114    27.761 r  datapath/rf/rem_reg_reg[1][30]_i_74/CO[3]
                         net (fo=1, routed)           0.000    27.761    datapath/rf/rem_reg_reg[1][30]_i_74_n_0
    SLICE_X11Y16         CARRY4 (Prop_carry4_CI_CO[3])
                                                      0.114    27.875 r  datapath/rf/rem_reg_reg[1][30]_i_27/CO[3]
                         net (fo=1, routed)           0.000    27.875    datapath/rf/rem_reg_reg[1][30]_i_27_n_0
    SLICE_X11Y17         CARRY4 (Prop_carry4_CI_CO[3])
                                                      0.114    27.989 r  datapath/rf/rem_reg_reg[1][30]_i_6/CO[3]
                         net (fo=32, routed)          2.507    30.497    datapath/rf/rem_reg_reg[1][30]_i_6_n_0
    SLICE_X12Y20         LUT3 (Prop_lut3_I2_O)        0.124    30.621 r  datapath/rf/rem_reg[1][29]_i_1/O
                         net (fo=1, routed)           0.000    30.621    datapath/div/I54[29]
    SLICE_X12Y20         FDRE                                         r  datapath/div/rem_reg_reg[1][29]/D
  -------------------------------------------------------------------    -------------------

Slack:                    inf
  Source:                 datapath/div/rem_reg_reg[7][10]/C
                            (rising edge-triggered cell FDRE)
  Destination:            led_bcd[1]
                            (output port)
  Path Group:             (none)
  Path Type:              Max at Slow Process Corner
  Data Path Delay:        30.539ns  (logic 7.367ns (24.125%)  route 23.171ns (75.875%))
  Logic Levels:           25  (CARRY4=13 FDRE=1 LUT3=2 LUT4=2 LUT5=2 LUT6=4 OBUF=1)

    Location             Delay type                Incr(ns)  Path(ns)    Netlist Resource(s)
  -------------------------------------------------------------------    -------------------
    SLICE_X36Y11         FDRE                         0.000     0.000 r  datapath/div/rem_reg_reg[7][10]/C
    SLICE_X36Y11         FDRE (Prop_fdre_C_Q)         0.518     0.518 r  datapath/div/rem_reg_reg[7][10]/Q
                         net (fo=10, routed)          2.031     2.549    datapath/div/rem_reg_reg_n_0_[7][10]
    SLICE_X29Y12         LUT4 (Prop_lut4_I3_O)        0.124     2.673 r  datapath/div/mem_array_reg_0_0_i_549/O
                         net (fo=1, routed)           0.000     2.673    datapath/div/mem_array_reg_0_0_i_549_n_0
    SLICE_X29Y12         CARRY4 (Prop_carry4_S[1]_CO[3])
                                                      0.550     3.223 r  datapath/div/mem_array_reg_0_0_i_463/CO[3]
                         net (fo=1, routed)           0.000     3.223    datapath/div/mem_array_reg_0_0_i_463_n_0
    SLICE_X29Y13         CARRY4 (Prop_carry4_CI_CO[3])
                                                      0.114     3.337 r  datapath/div/mem_array_reg_0_0_i_352/CO[3]
                         net (fo=1, routed)           0.000     3.337    datapath/div/mem_array_reg_0_0_i_352_n_0
    SLICE_X29Y14         CARRY4 (Prop_carry4_CI_CO[3])
                                                      0.114     3.451 r  datapath/div/mem_array_reg_0_0_i_187/CO[3]
                         net (fo=165, routed)         2.787     6.238    datapath/div/mem_array_reg_0_0_i_187_n_0
    SLICE_X31Y9          LUT3 (Prop_lut3_I2_O)        0.124     6.362 f  datapath/div/mem_array_reg_0_0_i_607/O
                         net (fo=2, routed)           0.677     7.038    datapath/div/rem_wire[29]_87[4]
    SLICE_X31Y9          LUT6 (Prop_lut6_I4_O)        0.124     7.162 r  datapath/div/mem_array_reg_0_0_i_595/O
                         net (fo=1, routed)           0.677     7.839    datapath/div/mem_array_reg_0_0_i_595_n_0
    SLICE_X31Y11         CARRY4 (Prop_carry4_DI[2]_CO[3])
                                                      0.398     8.237 r  datapath/div/mem_array_reg_0_0_i_551/CO[3]
                         net (fo=1, routed)           0.000     8.237    datapath/div/mem_array_reg_0_0_i_551_n_0
    SLICE_X31Y12         CARRY4 (Prop_carry4_CI_CO[3])
                                                      0.114     8.351 r  datapath/div/mem_array_reg_0_0_i_472/CO[3]
                         net (fo=1, routed)           0.000     8.351    datapath/div/mem_array_reg_0_0_i_472_n_0
    SLICE_X31Y13         CARRY4 (Prop_carry4_CI_CO[3])
                                                      0.114     8.465 r  datapath/div/mem_array_reg_0_0_i_365/CO[3]
                         net (fo=1, routed)           0.000     8.465    datapath/div/mem_array_reg_0_0_i_365_n_0
    SLICE_X31Y14         CARRY4 (Prop_carry4_CI_CO[3])
                                                      0.114     8.579 r  datapath/div/mem_array_reg_0_0_i_195/CO[3]
                         net (fo=69, routed)          2.369    10.948    datapath/div/mem_array_reg_0_0_i_195_n_0
    SLICE_X30Y9          LUT5 (Prop_lut5_I4_O)        0.124    11.072 r  datapath/div/mem_array_reg_0_0_i_313/O
                         net (fo=8, routed)           2.037    13.109    datapath/div/rem_wire[30]_88[6]
    SLICE_X30Y11         LUT4 (Prop_lut4_I3_O)        0.124    13.233 r  datapath/div/mem_array_reg_0_0_i_579/O
                         net (fo=1, routed)           0.000    13.233    datapath/div/mem_array_reg_0_0_i_579_n_0
    SLICE_X30Y11         CARRY4 (Prop_carry4_S[3]_CO[3])
                                                      0.376    13.609 r  datapath/div/mem_array_reg_0_0_i_505/CO[3]
                         net (fo=1, routed)           0.000    13.609    datapath/div/mem_array_reg_0_0_i_505_n_0
    SLICE_X30Y12         CARRY4 (Prop_carry4_CI_CO[3])
                                                      0.117    13.726 r  datapath/div/mem_array_reg_0_0_i_399/CO[3]
                         net (fo=1, routed)           0.000    13.726    datapath/div/mem_array_reg_0_0_i_399_n_0
    SLICE_X30Y13         CARRY4 (Prop_carry4_CI_CO[3])
                                                      0.117    13.843 r  datapath/div/mem_array_reg_0_0_i_248/CO[3]
                         net (fo=1, routed)           0.000    13.843    datapath/div/mem_array_reg_0_0_i_248_n_0
    SLICE_X30Y14         CARRY4 (Prop_carry4_CI_CO[3])
                                                      0.117    13.960 r  datapath/div/mem_array_reg_0_0_i_99/CO[3]
                         net (fo=128, routed)         3.413    17.373    datapath/div/mem_array_reg_0_0_i_99_n_0
    SLICE_X25Y15         LUT3 (Prop_lut3_I2_O)        0.152    17.525 f  datapath/div/regs[1][21]_i_4/O
                         net (fo=3, routed)           0.809    18.334    datapath/div/rem_wire[31]_89[20]
    SLICE_X27Y15         LUT6 (Prop_lut6_I4_O)        0.326    18.660 r  datapath/div/led_bcd_OBUF[0]_inst_i_47/O
                         net (fo=1, routed)           0.484    19.144    datapath/div/led_bcd_OBUF[0]_inst_i_47_n_0
    SLICE_X26Y12         CARRY4 (Prop_carry4_DI[2]_CO[3])
                                                      0.404    19.548 r  datapath/div/led_bcd_OBUF[0]_inst_i_14/CO[3]
                         net (fo=1, routed)           0.000    19.548    datapath/div/led_bcd_OBUF[0]_inst_i_14_n_0
    SLICE_X26Y13         CARRY4 (Prop_carry4_CI_CO[3])
                                                      0.117    19.665 r  datapath/div/led_bcd_OBUF[0]_inst_i_5/CO[3]
                         net (fo=35, routed)          1.716    21.381    datapath/div/CO[0]
    SLICE_X28Y7          LUT6 (Prop_lut6_I3_O)        0.124    21.505 r  datapath/div/led_bcd_OBUF[1]_inst_i_6/O
                         net (fo=1, routed)           1.185    22.690    memory/regs_reg[31][1]
    SLICE_X30Y2          LUT6 (Prop_lut6_I5_O)        0.124    22.814 r  memory/led_bcd_OBUF[1]_inst_i_2/O
                         net (fo=1, routed)           0.808    23.622    memory/led_bcd_OBUF[1]_inst_i_2_n_0
    SLICE_X27Y2          LUT5 (Prop_lut5_I2_O)        0.124    23.746 r  memory/led_bcd_OBUF[1]_inst_i_1/O
                         net (fo=32, routed)          4.179    27.925    led_bcd_OBUF[1]
    V6                   OBUF (Prop_obuf_I_O)         2.613    30.539 r  led_bcd_OBUF[1]_inst/O
                         net (fo=0)                   0.000    30.539    led_bcd[1]
    V6                                                                r  led_bcd[1] (OUT)
  -------------------------------------------------------------------    -------------------

Slack:                    inf
  Source:                 memory/mem_array_reg_2_1/CLKBWRCLK
                            (rising edge-triggered cell RAMB36E1)
  Destination:            datapath/div/rem_reg_reg[1][22]/D
  Path Group:             (none)
  Path Type:              Max at Slow Process Corner
  Data Path Delay:        30.412ns  (logic 7.433ns (24.441%)  route 22.979ns (75.559%))
  Logic Levels:           24  (CARRY4=13 LUT2=1 LUT3=2 LUT5=2 LUT6=4 MUXF7=1 RAMB36E1=1)

    Location             Delay type                Incr(ns)  Path(ns)    Netlist Resource(s)
  -------------------------------------------------------------------    -------------------
    RAMB36_X1Y2          RAMB36E1                     0.000     0.000 r  memory/mem_array_reg_2_1/CLKBWRCLK
    RAMB36_X1Y2          RAMB36E1 (Prop_ramb36e1_CLKBWRCLK_DOBDO[3])
                                                      2.454     2.454 r  memory/mem_array_reg_2_1/DOBDO[3]
                         net (fo=265, routed)         9.324    11.778    datapath/rf/inst_from_imem[11]
    SLICE_X3Y22          LUT6 (Prop_lut6_I2_O)        0.124    11.902 f  datapath/rf/mem_array_reg_3_0_i_44/O
                         net (fo=1, routed)           0.000    11.902    datapath/rf/mem_array_reg_3_0_i_44_n_0
    SLICE_X3Y22          MUXF7 (Prop_muxf7_I1_O)      0.245    12.147 f  datapath/rf/mem_array_reg_3_0_i_16/O
                         net (fo=1, routed)           0.946    13.093    datapath/rf/mem_array_reg_3_0_i_16_n_0
    SLICE_X3Y19          LUT6 (Prop_lut6_I5_O)        0.298    13.391 f  datapath/rf/mem_array_reg_3_0_i_3/O
                         net (fo=21, routed)          2.013    15.404    datapath/rf/I53[25]
    SLICE_X10Y12         LUT2 (Prop_lut2_I1_O)        0.124    15.528 r  datapath/rf/quot_reg_reg[6][23]_srl6_i_11/O
                         net (fo=1, routed)           0.000    15.528    datapath/rf/quot_reg_reg[6][23]_srl6_i_11_n_0
    SLICE_X10Y12         CARRY4 (Prop_carry4_S[0]_CO[3])
                                                      0.513    16.041 r  datapath/rf/quot_reg_reg[6][23]_srl6_i_2/CO[3]
                         net (fo=235, routed)         0.918    16.959    datapath/rf/quot_reg_reg[6][23]_srl6_i_2_n_0
    SLICE_X8Y12          LUT6 (Prop_lut6_I2_O)        0.124    17.083 r  datapath/rf/quot_reg_reg[6][22]_srl6_i_33/O
                         net (fo=1, routed)           0.474    17.557    datapath/rf/quot_reg_reg[6][22]_srl6_i_33_n_0
    SLICE_X8Y13          CARRY4 (Prop_carry4_DI[0]_CO[3])
                                                      0.550    18.107 r  datapath/rf/quot_reg_reg[6][22]_srl6_i_21/CO[3]
                         net (fo=1, routed)           0.000    18.107    datapath/rf/quot_reg_reg[6][22]_srl6_i_21_n_0
    SLICE_X8Y14          CARRY4 (Prop_carry4_CI_CO[3])
                                                      0.117    18.224 r  datapath/rf/quot_reg_reg[6][22]_srl6_i_12/CO[3]
                         net (fo=1, routed)           0.000    18.224    datapath/rf/quot_reg_reg[6][22]_srl6_i_12_n_0
    SLICE_X8Y15          CARRY4 (Prop_carry4_CI_CO[3])
                                                      0.117    18.341 r  datapath/rf/quot_reg_reg[6][22]_srl6_i_3/CO[3]
                         net (fo=1, routed)           0.000    18.341    datapath/rf/quot_reg_reg[6][22]_srl6_i_3_n_0
    SLICE_X8Y16          CARRY4 (Prop_carry4_CI_CO[3])
                                                      0.117    18.458 r  datapath/rf/quot_reg_reg[6][22]_srl6_i_2/CO[3]
                         net (fo=150, routed)         2.749    21.207    datapath/rf/quot_reg_reg[6][22]_srl6_i_2_n_0
    SLICE_X8Y12          LUT5 (Prop_lut5_I4_O)        0.146    21.353 r  datapath/rf/rem_reg[1][3]_i_2/O
                         net (fo=8, routed)           0.980    22.334    datapath/rf/div/rem_wire[2]_0[1]
    SLICE_X4Y14          LUT3 (Prop_lut3_I0_O)        0.328    22.662 r  datapath/rf/rem_reg[1][30]_i_125/O
                         net (fo=1, routed)           0.000    22.662    datapath/rf/rem_reg[1][30]_i_125_n_0
    SLICE_X4Y14          CARRY4 (Prop_carry4_S[1]_CO[3])
                                                      0.533    23.195 r  datapath/rf/rem_reg_reg[1][30]_i_88/CO[3]
                         net (fo=1, routed)           0.000    23.195    datapath/rf/rem_reg_reg[1][30]_i_88_n_0
    SLICE_X4Y15          CARRY4 (Prop_carry4_CI_CO[3])
                                                      0.117    23.312 r  datapath/rf/rem_reg_reg[1][30]_i_54/CO[3]
                         net (fo=1, routed)           0.000    23.312    datapath/rf/rem_reg_reg[1][30]_i_54_n_0
    SLICE_X4Y16          CARRY4 (Prop_carry4_CI_CO[3])
                                                      0.117    23.429 r  datapath/rf/rem_reg_reg[1][30]_i_15/CO[3]
                         net (fo=1, routed)           0.000    23.429    datapath/rf/rem_reg_reg[1][30]_i_15_n_0
    SLICE_X4Y17          CARRY4 (Prop_carry4_CI_CO[3])
                                                      0.117    23.546 r  datapath/rf/rem_reg_reg[1][30]_i_4/CO[3]
                         net (fo=45, routed)          2.334    25.880    datapath/rf/rem_reg_reg[1][30]_i_4_n_0
    SLICE_X11Y12         LUT5 (Prop_lut5_I4_O)        0.124    26.004 r  datapath/rf/rem_reg[1][2]_i_2/O
                         net (fo=4, routed)           0.969    26.973    datapath/rf/div/rem_wire[3]_1[1]
    SLICE_X11Y14         LUT6 (Prop_lut6_I4_O)        0.124    27.097 r  datapath/rf/rem_reg[1][30]_i_145/O
                         net (fo=1, routed)           0.000    27.097    datapath/rf/rem_reg[1][30]_i_145_n_0
    SLICE_X11Y14         CARRY4 (Prop_carry4_S[1]_CO[3])
                                                      0.550    27.647 r  datapath/rf/rem_reg_reg[1][30]_i_109/CO[3]
                         net (fo=1, routed)           0.000    27.647    datapath/rf/rem_reg_reg[1][30]_i_109_n_0
    SLICE_X11Y15         CARRY4 (Prop_carry4_CI_CO[3])
                                                      0.114    27.761 r  datapath/rf/rem_reg_reg[1][30]_i_74/CO[3]
                         net (fo=1, routed)           0.000    27.761    datapath/rf/rem_reg_reg[1][30]_i_74_n_0
    SLICE_X11Y16         CARRY4 (Prop_carry4_CI_CO[3])
                                                      0.114    27.875 r  datapath/rf/rem_reg_reg[1][30]_i_27/CO[3]
                         net (fo=1, routed)           0.000    27.875    datapath/rf/rem_reg_reg[1][30]_i_27_n_0
    SLICE_X11Y17         CARRY4 (Prop_carry4_CI_CO[3])
                                                      0.114    27.989 r  datapath/rf/rem_reg_reg[1][30]_i_6/CO[3]
                         net (fo=32, routed)          2.270    30.260    datapath/rf/rem_reg_reg[1][30]_i_6_n_0
    SLICE_X11Y18         LUT3 (Prop_lut3_I2_O)        0.152    30.412 r  datapath/rf/rem_reg[1][22]_i_1/O
                         net (fo=1, routed)           0.000    30.412    datapath/div/I54[22]
    SLICE_X11Y18         FDRE                                         r  datapath/div/rem_reg_reg[1][22]/D
  -------------------------------------------------------------------    -------------------

Slack:                    inf
  Source:                 memory/mem_array_reg_2_1/CLKBWRCLK
                            (rising edge-triggered cell RAMB36E1)
  Destination:            datapath/div/rem_reg_reg[1][21]/D
  Path Group:             (none)
  Path Type:              Max at Slow Process Corner
  Data Path Delay:        30.384ns  (logic 7.405ns (24.372%)  route 22.979ns (75.629%))
  Logic Levels:           24  (CARRY4=13 LUT2=1 LUT3=2 LUT5=2 LUT6=4 MUXF7=1 RAMB36E1=1)

    Location             Delay type                Incr(ns)  Path(ns)    Netlist Resource(s)
  -------------------------------------------------------------------    -------------------
    RAMB36_X1Y2          RAMB36E1                     0.000     0.000 r  memory/mem_array_reg_2_1/CLKBWRCLK
    RAMB36_X1Y2          RAMB36E1 (Prop_ramb36e1_CLKBWRCLK_DOBDO[3])
                                                      2.454     2.454 r  memory/mem_array_reg_2_1/DOBDO[3]
                         net (fo=265, routed)         9.324    11.778    datapath/rf/inst_from_imem[11]
    SLICE_X3Y22          LUT6 (Prop_lut6_I2_O)        0.124    11.902 f  datapath/rf/mem_array_reg_3_0_i_44/O
                         net (fo=1, routed)           0.000    11.902    datapath/rf/mem_array_reg_3_0_i_44_n_0
    SLICE_X3Y22          MUXF7 (Prop_muxf7_I1_O)      0.245    12.147 f  datapath/rf/mem_array_reg_3_0_i_16/O
                         net (fo=1, routed)           0.946    13.093    datapath/rf/mem_array_reg_3_0_i_16_n_0
    SLICE_X3Y19          LUT6 (Prop_lut6_I5_O)        0.298    13.391 f  datapath/rf/mem_array_reg_3_0_i_3/O
                         net (fo=21, routed)          2.013    15.404    datapath/rf/I53[25]
    SLICE_X10Y12         LUT2 (Prop_lut2_I1_O)        0.124    15.528 r  datapath/rf/quot_reg_reg[6][23]_srl6_i_11/O
                         net (fo=1, routed)           0.000    15.528    datapath/rf/quot_reg_reg[6][23]_srl6_i_11_n_0
    SLICE_X10Y12         CARRY4 (Prop_carry4_S[0]_CO[3])
                                                      0.513    16.041 r  datapath/rf/quot_reg_reg[6][23]_srl6_i_2/CO[3]
                         net (fo=235, routed)         0.918    16.959    datapath/rf/quot_reg_reg[6][23]_srl6_i_2_n_0
    SLICE_X8Y12          LUT6 (Prop_lut6_I2_O)        0.124    17.083 r  datapath/rf/quot_reg_reg[6][22]_srl6_i_33/O
                         net (fo=1, routed)           0.474    17.557    datapath/rf/quot_reg_reg[6][22]_srl6_i_33_n_0
    SLICE_X8Y13          CARRY4 (Prop_carry4_DI[0]_CO[3])
                                                      0.550    18.107 r  datapath/rf/quot_reg_reg[6][22]_srl6_i_21/CO[3]
                         net (fo=1, routed)           0.000    18.107    datapath/rf/quot_reg_reg[6][22]_srl6_i_21_n_0
    SLICE_X8Y14          CARRY4 (Prop_carry4_CI_CO[3])
                                                      0.117    18.224 r  datapath/rf/quot_reg_reg[6][22]_srl6_i_12/CO[3]
                         net (fo=1, routed)           0.000    18.224    datapath/rf/quot_reg_reg[6][22]_srl6_i_12_n_0
    SLICE_X8Y15          CARRY4 (Prop_carry4_CI_CO[3])
                                                      0.117    18.341 r  datapath/rf/quot_reg_reg[6][22]_srl6_i_3/CO[3]
                         net (fo=1, routed)           0.000    18.341    datapath/rf/quot_reg_reg[6][22]_srl6_i_3_n_0
    SLICE_X8Y16          CARRY4 (Prop_carry4_CI_CO[3])
                                                      0.117    18.458 r  datapath/rf/quot_reg_reg[6][22]_srl6_i_2/CO[3]
                         net (fo=150, routed)         2.749    21.207    datapath/rf/quot_reg_reg[6][22]_srl6_i_2_n_0
    SLICE_X8Y12          LUT5 (Prop_lut5_I4_O)        0.146    21.353 r  datapath/rf/rem_reg[1][3]_i_2/O
                         net (fo=8, routed)           0.980    22.334    datapath/rf/div/rem_wire[2]_0[1]
    SLICE_X4Y14          LUT3 (Prop_lut3_I0_O)        0.328    22.662 r  datapath/rf/rem_reg[1][30]_i_125/O
                         net (fo=1, routed)           0.000    22.662    datapath/rf/rem_reg[1][30]_i_125_n_0
    SLICE_X4Y14          CARRY4 (Prop_carry4_S[1]_CO[3])
                                                      0.533    23.195 r  datapath/rf/rem_reg_reg[1][30]_i_88/CO[3]
                         net (fo=1, routed)           0.000    23.195    datapath/rf/rem_reg_reg[1][30]_i_88_n_0
    SLICE_X4Y15          CARRY4 (Prop_carry4_CI_CO[3])
                                                      0.117    23.312 r  datapath/rf/rem_reg_reg[1][30]_i_54/CO[3]
                         net (fo=1, routed)           0.000    23.312    datapath/rf/rem_reg_reg[1][30]_i_54_n_0
    SLICE_X4Y16          CARRY4 (Prop_carry4_CI_CO[3])
                                                      0.117    23.429 r  datapath/rf/rem_reg_reg[1][30]_i_15/CO[3]
                         net (fo=1, routed)           0.000    23.429    datapath/rf/rem_reg_reg[1][30]_i_15_n_0
    SLICE_X4Y17          CARRY4 (Prop_carry4_CI_CO[3])
                                                      0.117    23.546 r  datapath/rf/rem_reg_reg[1][30]_i_4/CO[3]
                         net (fo=45, routed)          2.334    25.880    datapath/rf/rem_reg_reg[1][30]_i_4_n_0
    SLICE_X11Y12         LUT5 (Prop_lut5_I4_O)        0.124    26.004 r  datapath/rf/rem_reg[1][2]_i_2/O
                         net (fo=4, routed)           0.969    26.973    datapath/rf/div/rem_wire[3]_1[1]
    SLICE_X11Y14         LUT6 (Prop_lut6_I4_O)        0.124    27.097 r  datapath/rf/rem_reg[1][30]_i_145/O
                         net (fo=1, routed)           0.000    27.097    datapath/rf/rem_reg[1][30]_i_145_n_0
    SLICE_X11Y14         CARRY4 (Prop_carry4_S[1]_CO[3])
                                                      0.550    27.647 r  datapath/rf/rem_reg_reg[1][30]_i_109/CO[3]
                         net (fo=1, routed)           0.000    27.647    datapath/rf/rem_reg_reg[1][30]_i_109_n_0
    SLICE_X11Y15         CARRY4 (Prop_carry4_CI_CO[3])
                                                      0.114    27.761 r  datapath/rf/rem_reg_reg[1][30]_i_74/CO[3]
                         net (fo=1, routed)           0.000    27.761    datapath/rf/rem_reg_reg[1][30]_i_74_n_0
    SLICE_X11Y16         CARRY4 (Prop_carry4_CI_CO[3])
                                                      0.114    27.875 r  datapath/rf/rem_reg_reg[1][30]_i_27/CO[3]
                         net (fo=1, routed)           0.000    27.875    datapath/rf/rem_reg_reg[1][30]_i_27_n_0
    SLICE_X11Y17         CARRY4 (Prop_carry4_CI_CO[3])
                                                      0.114    27.989 r  datapath/rf/rem_reg_reg[1][30]_i_6/CO[3]
                         net (fo=32, routed)          2.270    30.260    datapath/rf/rem_reg_reg[1][30]_i_6_n_0
    SLICE_X11Y18         LUT3 (Prop_lut3_I2_O)        0.124    30.384 r  datapath/rf/rem_reg[1][21]_i_1/O
                         net (fo=1, routed)           0.000    30.384    datapath/div/I54[21]
    SLICE_X11Y18         FDRE                                         r  datapath/div/rem_reg_reg[1][21]/D
  -------------------------------------------------------------------    -------------------

Slack:                    inf
  Source:                 memory/mem_array_reg_2_1/CLKBWRCLK
                            (rising edge-triggered cell RAMB36E1)
  Destination:            datapath/div/rem_reg_reg[1][27]/D
  Path Group:             (none)
  Path Type:              Max at Slow Process Corner
  Data Path Delay:        30.288ns  (logic 7.405ns (24.448%)  route 22.883ns (75.552%))
  Logic Levels:           24  (CARRY4=13 LUT2=1 LUT3=2 LUT5=2 LUT6=4 MUXF7=1 RAMB36E1=1)

    Location             Delay type                Incr(ns)  Path(ns)    Netlist Resource(s)
  -------------------------------------------------------------------    -------------------
    RAMB36_X1Y2          RAMB36E1                     0.000     0.000 r  memory/mem_array_reg_2_1/CLKBWRCLK
    RAMB36_X1Y2          RAMB36E1 (Prop_ramb36e1_CLKBWRCLK_DOBDO[3])
                                                      2.454     2.454 r  memory/mem_array_reg_2_1/DOBDO[3]
                         net (fo=265, routed)         9.324    11.778    datapath/rf/inst_from_imem[11]
    SLICE_X3Y22          LUT6 (Prop_lut6_I2_O)        0.124    11.902 f  datapath/rf/mem_array_reg_3_0_i_44/O
                         net (fo=1, routed)           0.000    11.902    datapath/rf/mem_array_reg_3_0_i_44_n_0
    SLICE_X3Y22          MUXF7 (Prop_muxf7_I1_O)      0.245    12.147 f  datapath/rf/mem_array_reg_3_0_i_16/O
                         net (fo=1, routed)           0.946    13.093    datapath/rf/mem_array_reg_3_0_i_16_n_0
    SLICE_X3Y19          LUT6 (Prop_lut6_I5_O)        0.298    13.391 f  datapath/rf/mem_array_reg_3_0_i_3/O
                         net (fo=21, routed)          2.013    15.404    datapath/rf/I53[25]
    SLICE_X10Y12         LUT2 (Prop_lut2_I1_O)        0.124    15.528 r  datapath/rf/quot_reg_reg[6][23]_srl6_i_11/O
                         net (fo=1, routed)           0.000    15.528    datapath/rf/quot_reg_reg[6][23]_srl6_i_11_n_0
    SLICE_X10Y12         CARRY4 (Prop_carry4_S[0]_CO[3])
                                                      0.513    16.041 r  datapath/rf/quot_reg_reg[6][23]_srl6_i_2/CO[3]
                         net (fo=235, routed)         0.918    16.959    datapath/rf/quot_reg_reg[6][23]_srl6_i_2_n_0
    SLICE_X8Y12          LUT6 (Prop_lut6_I2_O)        0.124    17.083 r  datapath/rf/quot_reg_reg[6][22]_srl6_i_33/O
                         net (fo=1, routed)           0.474    17.557    datapath/rf/quot_reg_reg[6][22]_srl6_i_33_n_0
    SLICE_X8Y13          CARRY4 (Prop_carry4_DI[0]_CO[3])
                                                      0.550    18.107 r  datapath/rf/quot_reg_reg[6][22]_srl6_i_21/CO[3]
                         net (fo=1, routed)           0.000    18.107    datapath/rf/quot_reg_reg[6][22]_srl6_i_21_n_0
    SLICE_X8Y14          CARRY4 (Prop_carry4_CI_CO[3])
                                                      0.117    18.224 r  datapath/rf/quot_reg_reg[6][22]_srl6_i_12/CO[3]
                         net (fo=1, routed)           0.000    18.224    datapath/rf/quot_reg_reg[6][22]_srl6_i_12_n_0
    SLICE_X8Y15          CARRY4 (Prop_carry4_CI_CO[3])
                                                      0.117    18.341 r  datapath/rf/quot_reg_reg[6][22]_srl6_i_3/CO[3]
                         net (fo=1, routed)           0.000    18.341    datapath/rf/quot_reg_reg[6][22]_srl6_i_3_n_0
    SLICE_X8Y16          CARRY4 (Prop_carry4_CI_CO[3])
                                                      0.117    18.458 r  datapath/rf/quot_reg_reg[6][22]_srl6_i_2/CO[3]
                         net (fo=150, routed)         2.749    21.207    datapath/rf/quot_reg_reg[6][22]_srl6_i_2_n_0
    SLICE_X8Y12          LUT5 (Prop_lut5_I4_O)        0.146    21.353 r  datapath/rf/rem_reg[1][3]_i_2/O
                         net (fo=8, routed)           0.980    22.334    datapath/rf/div/rem_wire[2]_0[1]
    SLICE_X4Y14          LUT3 (Prop_lut3_I0_O)        0.328    22.662 r  datapath/rf/rem_reg[1][30]_i_125/O
                         net (fo=1, routed)           0.000    22.662    datapath/rf/rem_reg[1][30]_i_125_n_0
    SLICE_X4Y14          CARRY4 (Prop_carry4_S[1]_CO[3])
                                                      0.533    23.195 r  datapath/rf/rem_reg_reg[1][30]_i_88/CO[3]
                         net (fo=1, routed)           0.000    23.195    datapath/rf/rem_reg_reg[1][30]_i_88_n_0
    SLICE_X4Y15          CARRY4 (Prop_carry4_CI_CO[3])
                                                      0.117    23.312 r  datapath/rf/rem_reg_reg[1][30]_i_54/CO[3]
                         net (fo=1, routed)           0.000    23.312    datapath/rf/rem_reg_reg[1][30]_i_54_n_0
    SLICE_X4Y16          CARRY4 (Prop_carry4_CI_CO[3])
                                                      0.117    23.429 r  datapath/rf/rem_reg_reg[1][30]_i_15/CO[3]
                         net (fo=1, routed)           0.000    23.429    datapath/rf/rem_reg_reg[1][30]_i_15_n_0
    SLICE_X4Y17          CARRY4 (Prop_carry4_CI_CO[3])
                                                      0.117    23.546 r  datapath/rf/rem_reg_reg[1][30]_i_4/CO[3]
                         net (fo=45, routed)          2.334    25.880    datapath/rf/rem_reg_reg[1][30]_i_4_n_0
    SLICE_X11Y12         LUT5 (Prop_lut5_I4_O)        0.124    26.004 r  datapath/rf/rem_reg[1][2]_i_2/O
                         net (fo=4, routed)           0.969    26.973    datapath/rf/div/rem_wire[3]_1[1]
    SLICE_X11Y14         LUT6 (Prop_lut6_I4_O)        0.124    27.097 r  datapath/rf/rem_reg[1][30]_i_145/O
                         net (fo=1, routed)           0.000    27.097    datapath/rf/rem_reg[1][30]_i_145_n_0
    SLICE_X11Y14         CARRY4 (Prop_carry4_S[1]_CO[3])
                                                      0.550    27.647 r  datapath/rf/rem_reg_reg[1][30]_i_109/CO[3]
                         net (fo=1, routed)           0.000    27.647    datapath/rf/rem_reg_reg[1][30]_i_109_n_0
    SLICE_X11Y15         CARRY4 (Prop_carry4_CI_CO[3])
                                                      0.114    27.761 r  datapath/rf/rem_reg_reg[1][30]_i_74/CO[3]
                         net (fo=1, routed)           0.000    27.761    datapath/rf/rem_reg_reg[1][30]_i_74_n_0
    SLICE_X11Y16         CARRY4 (Prop_carry4_CI_CO[3])
                                                      0.114    27.875 r  datapath/rf/rem_reg_reg[1][30]_i_27/CO[3]
                         net (fo=1, routed)           0.000    27.875    datapath/rf/rem_reg_reg[1][30]_i_27_n_0
    SLICE_X11Y17         CARRY4 (Prop_carry4_CI_CO[3])
                                                      0.114    27.989 r  datapath/rf/rem_reg_reg[1][30]_i_6/CO[3]
                         net (fo=32, routed)          2.175    30.164    datapath/rf/rem_reg_reg[1][30]_i_6_n_0
    SLICE_X11Y20         LUT3 (Prop_lut3_I2_O)        0.124    30.288 r  datapath/rf/rem_reg[1][27]_i_1/O
                         net (fo=1, routed)           0.000    30.288    datapath/div/I54[27]
    SLICE_X11Y20         FDRE                                         r  datapath/div/rem_reg_reg[1][27]/D
  -------------------------------------------------------------------    -------------------

Slack:                    inf
  Source:                 memory/mem_array_reg_2_1/CLKBWRCLK
                            (rising edge-triggered cell RAMB36E1)
  Destination:            datapath/div/rem_reg_reg[1][28]/D
  Path Group:             (none)
  Path Type:              Max at Slow Process Corner
  Data Path Delay:        30.284ns  (logic 7.401ns (24.438%)  route 22.883ns (75.562%))
  Logic Levels:           24  (CARRY4=13 LUT2=1 LUT3=2 LUT5=2 LUT6=4 MUXF7=1 RAMB36E1=1)

    Location             Delay type                Incr(ns)  Path(ns)    Netlist Resource(s)
  -------------------------------------------------------------------    -------------------
    RAMB36_X1Y2          RAMB36E1                     0.000     0.000 r  memory/mem_array_reg_2_1/CLKBWRCLK
    RAMB36_X1Y2          RAMB36E1 (Prop_ramb36e1_CLKBWRCLK_DOBDO[3])
                                                      2.454     2.454 r  memory/mem_array_reg_2_1/DOBDO[3]
                         net (fo=265, routed)         9.324    11.778    datapath/rf/inst_from_imem[11]
    SLICE_X3Y22          LUT6 (Prop_lut6_I2_O)        0.124    11.902 f  datapath/rf/mem_array_reg_3_0_i_44/O
                         net (fo=1, routed)           0.000    11.902    datapath/rf/mem_array_reg_3_0_i_44_n_0
    SLICE_X3Y22          MUXF7 (Prop_muxf7_I1_O)      0.245    12.147 f  datapath/rf/mem_array_reg_3_0_i_16/O
                         net (fo=1, routed)           0.946    13.093    datapath/rf/mem_array_reg_3_0_i_16_n_0
    SLICE_X3Y19          LUT6 (Prop_lut6_I5_O)        0.298    13.391 f  datapath/rf/mem_array_reg_3_0_i_3/O
                         net (fo=21, routed)          2.013    15.404    datapath/rf/I53[25]
    SLICE_X10Y12         LUT2 (Prop_lut2_I1_O)        0.124    15.528 r  datapath/rf/quot_reg_reg[6][23]_srl6_i_11/O
                         net (fo=1, routed)           0.000    15.528    datapath/rf/quot_reg_reg[6][23]_srl6_i_11_n_0
    SLICE_X10Y12         CARRY4 (Prop_carry4_S[0]_CO[3])
                                                      0.513    16.041 r  datapath/rf/quot_reg_reg[6][23]_srl6_i_2/CO[3]
                         net (fo=235, routed)         0.918    16.959    datapath/rf/quot_reg_reg[6][23]_srl6_i_2_n_0
    SLICE_X8Y12          LUT6 (Prop_lut6_I2_O)        0.124    17.083 r  datapath/rf/quot_reg_reg[6][22]_srl6_i_33/O
                         net (fo=1, routed)           0.474    17.557    datapath/rf/quot_reg_reg[6][22]_srl6_i_33_n_0
    SLICE_X8Y13          CARRY4 (Prop_carry4_DI[0]_CO[3])
                                                      0.550    18.107 r  datapath/rf/quot_reg_reg[6][22]_srl6_i_21/CO[3]
                         net (fo=1, routed)           0.000    18.107    datapath/rf/quot_reg_reg[6][22]_srl6_i_21_n_0
    SLICE_X8Y14          CARRY4 (Prop_carry4_CI_CO[3])
                                                      0.117    18.224 r  datapath/rf/quot_reg_reg[6][22]_srl6_i_12/CO[3]
                         net (fo=1, routed)           0.000    18.224    datapath/rf/quot_reg_reg[6][22]_srl6_i_12_n_0
    SLICE_X8Y15          CARRY4 (Prop_carry4_CI_CO[3])
                                                      0.117    18.341 r  datapath/rf/quot_reg_reg[6][22]_srl6_i_3/CO[3]
                         net (fo=1, routed)           0.000    18.341    datapath/rf/quot_reg_reg[6][22]_srl6_i_3_n_0
    SLICE_X8Y16          CARRY4 (Prop_carry4_CI_CO[3])
                                                      0.117    18.458 r  datapath/rf/quot_reg_reg[6][22]_srl6_i_2/CO[3]
                         net (fo=150, routed)         2.749    21.207    datapath/rf/quot_reg_reg[6][22]_srl6_i_2_n_0
    SLICE_X8Y12          LUT5 (Prop_lut5_I4_O)        0.146    21.353 r  datapath/rf/rem_reg[1][3]_i_2/O
                         net (fo=8, routed)           0.980    22.334    datapath/rf/div/rem_wire[2]_0[1]
    SLICE_X4Y14          LUT3 (Prop_lut3_I0_O)        0.328    22.662 r  datapath/rf/rem_reg[1][30]_i_125/O
                         net (fo=1, routed)           0.000    22.662    datapath/rf/rem_reg[1][30]_i_125_n_0
    SLICE_X4Y14          CARRY4 (Prop_carry4_S[1]_CO[3])
                                                      0.533    23.195 r  datapath/rf/rem_reg_reg[1][30]_i_88/CO[3]
                         net (fo=1, routed)           0.000    23.195    datapath/rf/rem_reg_reg[1][30]_i_88_n_0
    SLICE_X4Y15          CARRY4 (Prop_carry4_CI_CO[3])
                                                      0.117    23.312 r  datapath/rf/rem_reg_reg[1][30]_i_54/CO[3]
                         net (fo=1, routed)           0.000    23.312    datapath/rf/rem_reg_reg[1][30]_i_54_n_0
    SLICE_X4Y16          CARRY4 (Prop_carry4_CI_CO[3])
                                                      0.117    23.429 r  datapath/rf/rem_reg_reg[1][30]_i_15/CO[3]
                         net (fo=1, routed)           0.000    23.429    datapath/rf/rem_reg_reg[1][30]_i_15_n_0
    SLICE_X4Y17          CARRY4 (Prop_carry4_CI_CO[3])
                                                      0.117    23.546 r  datapath/rf/rem_reg_reg[1][30]_i_4/CO[3]
                         net (fo=45, routed)          2.334    25.880    datapath/rf/rem_reg_reg[1][30]_i_4_n_0
    SLICE_X11Y12         LUT5 (Prop_lut5_I4_O)        0.124    26.004 r  datapath/rf/rem_reg[1][2]_i_2/O
                         net (fo=4, routed)           0.969    26.973    datapath/rf/div/rem_wire[3]_1[1]
    SLICE_X11Y14         LUT6 (Prop_lut6_I4_O)        0.124    27.097 r  datapath/rf/rem_reg[1][30]_i_145/O
                         net (fo=1, routed)           0.000    27.097    datapath/rf/rem_reg[1][30]_i_145_n_0
    SLICE_X11Y14         CARRY4 (Prop_carry4_S[1]_CO[3])
                                                      0.550    27.647 r  datapath/rf/rem_reg_reg[1][30]_i_109/CO[3]
                         net (fo=1, routed)           0.000    27.647    datapath/rf/rem_reg_reg[1][30]_i_109_n_0
    SLICE_X11Y15         CARRY4 (Prop_carry4_CI_CO[3])
                                                      0.114    27.761 r  datapath/rf/rem_reg_reg[1][30]_i_74/CO[3]
                         net (fo=1, routed)           0.000    27.761    datapath/rf/rem_reg_reg[1][30]_i_74_n_0
    SLICE_X11Y16         CARRY4 (Prop_carry4_CI_CO[3])
                                                      0.114    27.875 r  datapath/rf/rem_reg_reg[1][30]_i_27/CO[3]
                         net (fo=1, routed)           0.000    27.875    datapath/rf/rem_reg_reg[1][30]_i_27_n_0
    SLICE_X11Y17         CARRY4 (Prop_carry4_CI_CO[3])
                                                      0.114    27.989 r  datapath/rf/rem_reg_reg[1][30]_i_6/CO[3]
                         net (fo=32, routed)          2.175    30.164    datapath/rf/rem_reg_reg[1][30]_i_6_n_0
    SLICE_X11Y20         LUT3 (Prop_lut3_I2_O)        0.120    30.284 r  datapath/rf/rem_reg[1][28]_i_1/O
                         net (fo=1, routed)           0.000    30.284    datapath/div/I54[28]
    SLICE_X11Y20         FDRE                                         r  datapath/div/rem_reg_reg[1][28]/D
  -------------------------------------------------------------------    -------------------

Slack:                    inf
  Source:                 memory/mem_array_reg_2_1/CLKBWRCLK
                            (rising edge-triggered cell RAMB36E1)
  Destination:            datapath/div/rem_reg_reg[1][3]/D
  Path Group:             (none)
  Path Type:              Max at Slow Process Corner
  Data Path Delay:        30.177ns  (logic 7.405ns (24.539%)  route 22.772ns (75.461%))
  Logic Levels:           24  (CARRY4=13 LUT2=1 LUT3=1 LUT5=3 LUT6=4 MUXF7=1 RAMB36E1=1)

    Location             Delay type                Incr(ns)  Path(ns)    Netlist Resource(s)
  -------------------------------------------------------------------    -------------------
    RAMB36_X1Y2          RAMB36E1                     0.000     0.000 r  memory/mem_array_reg_2_1/CLKBWRCLK
    RAMB36_X1Y2          RAMB36E1 (Prop_ramb36e1_CLKBWRCLK_DOBDO[3])
                                                      2.454     2.454 r  memory/mem_array_reg_2_1/DOBDO[3]
                         net (fo=265, routed)         9.324    11.778    datapath/rf/inst_from_imem[11]
    SLICE_X3Y22          LUT6 (Prop_lut6_I2_O)        0.124    11.902 f  datapath/rf/mem_array_reg_3_0_i_44/O
                         net (fo=1, routed)           0.000    11.902    datapath/rf/mem_array_reg_3_0_i_44_n_0
    SLICE_X3Y22          MUXF7 (Prop_muxf7_I1_O)      0.245    12.147 f  datapath/rf/mem_array_reg_3_0_i_16/O
                         net (fo=1, routed)           0.946    13.093    datapath/rf/mem_array_reg_3_0_i_16_n_0
    SLICE_X3Y19          LUT6 (Prop_lut6_I5_O)        0.298    13.391 f  datapath/rf/mem_array_reg_3_0_i_3/O
                         net (fo=21, routed)          2.013    15.404    datapath/rf/I53[25]
    SLICE_X10Y12         LUT2 (Prop_lut2_I1_O)        0.124    15.528 r  datapath/rf/quot_reg_reg[6][23]_srl6_i_11/O
                         net (fo=1, routed)           0.000    15.528    datapath/rf/quot_reg_reg[6][23]_srl6_i_11_n_0
    SLICE_X10Y12         CARRY4 (Prop_carry4_S[0]_CO[3])
                                                      0.513    16.041 r  datapath/rf/quot_reg_reg[6][23]_srl6_i_2/CO[3]
                         net (fo=235, routed)         0.918    16.959    datapath/rf/quot_reg_reg[6][23]_srl6_i_2_n_0
    SLICE_X8Y12          LUT6 (Prop_lut6_I2_O)        0.124    17.083 r  datapath/rf/quot_reg_reg[6][22]_srl6_i_33/O
                         net (fo=1, routed)           0.474    17.557    datapath/rf/quot_reg_reg[6][22]_srl6_i_33_n_0
    SLICE_X8Y13          CARRY4 (Prop_carry4_DI[0]_CO[3])
                                                      0.550    18.107 r  datapath/rf/quot_reg_reg[6][22]_srl6_i_21/CO[3]
                         net (fo=1, routed)           0.000    18.107    datapath/rf/quot_reg_reg[6][22]_srl6_i_21_n_0
    SLICE_X8Y14          CARRY4 (Prop_carry4_CI_CO[3])
                                                      0.117    18.224 r  datapath/rf/quot_reg_reg[6][22]_srl6_i_12/CO[3]
                         net (fo=1, routed)           0.000    18.224    datapath/rf/quot_reg_reg[6][22]_srl6_i_12_n_0
    SLICE_X8Y15          CARRY4 (Prop_carry4_CI_CO[3])
                                                      0.117    18.341 r  datapath/rf/quot_reg_reg[6][22]_srl6_i_3/CO[3]
                         net (fo=1, routed)           0.000    18.341    datapath/rf/quot_reg_reg[6][22]_srl6_i_3_n_0
    SLICE_X8Y16          CARRY4 (Prop_carry4_CI_CO[3])
                                                      0.117    18.458 r  datapath/rf/quot_reg_reg[6][22]_srl6_i_2/CO[3]
                         net (fo=150, routed)         2.749    21.207    datapath/rf/quot_reg_reg[6][22]_srl6_i_2_n_0
    SLICE_X8Y12          LUT5 (Prop_lut5_I4_O)        0.146    21.353 r  datapath/rf/rem_reg[1][3]_i_2/O
                         net (fo=8, routed)           0.980    22.334    datapath/rf/div/rem_wire[2]_0[1]
    SLICE_X4Y14          LUT3 (Prop_lut3_I0_O)        0.328    22.662 r  datapath/rf/rem_reg[1][30]_i_125/O
                         net (fo=1, routed)           0.000    22.662    datapath/rf/rem_reg[1][30]_i_125_n_0
    SLICE_X4Y14          CARRY4 (Prop_carry4_S[1]_CO[3])
                                                      0.533    23.195 r  datapath/rf/rem_reg_reg[1][30]_i_88/CO[3]
                         net (fo=1, routed)           0.000    23.195    datapath/rf/rem_reg_reg[1][30]_i_88_n_0
    SLICE_X4Y15          CARRY4 (Prop_carry4_CI_CO[3])
                                                      0.117    23.312 r  datapath/rf/rem_reg_reg[1][30]_i_54/CO[3]
                         net (fo=1, routed)           0.000    23.312    datapath/rf/rem_reg_reg[1][30]_i_54_n_0
    SLICE_X4Y16          CARRY4 (Prop_carry4_CI_CO[3])
                                                      0.117    23.429 r  datapath/rf/rem_reg_reg[1][30]_i_15/CO[3]
                         net (fo=1, routed)           0.000    23.429    datapath/rf/rem_reg_reg[1][30]_i_15_n_0
    SLICE_X4Y17          CARRY4 (Prop_carry4_CI_CO[3])
                                                      0.117    23.546 r  datapath/rf/rem_reg_reg[1][30]_i_4/CO[3]
                         net (fo=45, routed)          2.334    25.880    datapath/rf/rem_reg_reg[1][30]_i_4_n_0
    SLICE_X11Y12         LUT5 (Prop_lut5_I4_O)        0.124    26.004 r  datapath/rf/rem_reg[1][2]_i_2/O
                         net (fo=4, routed)           0.969    26.973    datapath/rf/div/rem_wire[3]_1[1]
    SLICE_X11Y14         LUT6 (Prop_lut6_I4_O)        0.124    27.097 r  datapath/rf/rem_reg[1][30]_i_145/O
                         net (fo=1, routed)           0.000    27.097    datapath/rf/rem_reg[1][30]_i_145_n_0
    SLICE_X11Y14         CARRY4 (Prop_carry4_S[1]_CO[3])
                                                      0.550    27.647 r  datapath/rf/rem_reg_reg[1][30]_i_109/CO[3]
                         net (fo=1, routed)           0.000    27.647    datapath/rf/rem_reg_reg[1][30]_i_109_n_0
    SLICE_X11Y15         CARRY4 (Prop_carry4_CI_CO[3])
                                                      0.114    27.761 r  datapath/rf/rem_reg_reg[1][30]_i_74/CO[3]
                         net (fo=1, routed)           0.000    27.761    datapath/rf/rem_reg_reg[1][30]_i_74_n_0
    SLICE_X11Y16         CARRY4 (Prop_carry4_CI_CO[3])
                                                      0.114    27.875 r  datapath/rf/rem_reg_reg[1][30]_i_27/CO[3]
                         net (fo=1, routed)           0.000    27.875    datapath/rf/rem_reg_reg[1][30]_i_27_n_0
    SLICE_X11Y17         CARRY4 (Prop_carry4_CI_CO[3])
                                                      0.114    27.989 r  datapath/rf/rem_reg_reg[1][30]_i_6/CO[3]
                         net (fo=32, routed)          2.063    30.053    datapath/rf/rem_reg_reg[1][30]_i_6_n_0
    SLICE_X11Y12         LUT5 (Prop_lut5_I4_O)        0.124    30.177 r  datapath/rf/rem_reg[1][3]_i_1/O
                         net (fo=1, routed)           0.000    30.177    datapath/div/I54[3]
    SLICE_X11Y12         FDRE                                         r  datapath/div/rem_reg_reg[1][3]/D
  -------------------------------------------------------------------    -------------------





Min Delay Paths
--------------------------------------------------------------------------------------
Slack:                    inf
  Source:                 datapath/div/quot_reg_reg[6][2]/C
                            (rising edge-triggered cell FDRE)
  Destination:            datapath/div/quot_reg_reg[7][6]/D
  Path Group:             (none)
  Path Type:              Min at Fast Process Corner
  Data Path Delay:        0.263ns  (logic 0.141ns (53.607%)  route 0.122ns (46.393%))
  Logic Levels:           1  (FDRE=1)

    Location             Delay type                Incr(ns)  Path(ns)    Netlist Resource(s)
  -------------------------------------------------------------------    -------------------
    SLICE_X41Y8          FDRE                         0.000     0.000 r  datapath/div/quot_reg_reg[6][2]/C
    SLICE_X41Y8          FDRE (Prop_fdre_C_Q)         0.141     0.141 r  datapath/div/quot_reg_reg[6][2]/Q
                         net (fo=1, routed)           0.122     0.263    datapath/div/quot_reg_reg_n_0_[6][2]
    SLICE_X40Y8          FDRE                                         r  datapath/div/quot_reg_reg[7][6]/D
  -------------------------------------------------------------------    -------------------

Slack:                    inf
  Source:                 datapath/div/quot_reg_reg[6][3]/C
                            (rising edge-triggered cell FDRE)
  Destination:            datapath/div/quot_reg_reg[7][7]/D
  Path Group:             (none)
  Path Type:              Min at Fast Process Corner
  Data Path Delay:        0.274ns  (logic 0.164ns (59.853%)  route 0.110ns (40.147%))
  Logic Levels:           1  (FDRE=1)

    Location             Delay type                Incr(ns)  Path(ns)    Netlist Resource(s)
  -------------------------------------------------------------------    -------------------
    SLICE_X26Y16         FDRE                         0.000     0.000 r  datapath/div/quot_reg_reg[6][3]/C
    SLICE_X26Y16         FDRE (Prop_fdre_C_Q)         0.164     0.164 r  datapath/div/quot_reg_reg[6][3]/Q
                         net (fo=1, routed)           0.110     0.274    datapath/div/quot_reg_reg_n_0_[6][3]
    SLICE_X26Y15         FDRE                                         r  datapath/div/quot_reg_reg[7][7]/D
  -------------------------------------------------------------------    -------------------

Slack:                    inf
  Source:                 datapath/div/dend_reg_reg[1][25]/C
                            (rising edge-triggered cell FDRE)
  Destination:            datapath/div/dend_reg_reg[2][29]/D
  Path Group:             (none)
  Path Type:              Min at Fast Process Corner
  Data Path Delay:        0.311ns  (logic 0.141ns (45.298%)  route 0.170ns (54.702%))
  Logic Levels:           1  (FDRE=1)

    Location             Delay type                Incr(ns)  Path(ns)    Netlist Resource(s)
  -------------------------------------------------------------------    -------------------
    SLICE_X19Y14         FDRE                         0.000     0.000 r  datapath/div/dend_reg_reg[1][25]/C
    SLICE_X19Y14         FDRE (Prop_fdre_C_Q)         0.141     0.141 r  datapath/div/dend_reg_reg[1][25]/Q
                         net (fo=1, routed)           0.170     0.311    datapath/div/dend_reg_reg_n_0_[1][25]
    SLICE_X19Y14         FDRE                                         r  datapath/div/dend_reg_reg[2][29]/D
  -------------------------------------------------------------------    -------------------

Slack:                    inf
  Source:                 datapath/div/div_reg_reg[6][15]/C
                            (rising edge-triggered cell FDRE)
  Destination:            datapath/div/div_reg_reg[7][15]/D
  Path Group:             (none)
  Path Type:              Min at Fast Process Corner
  Data Path Delay:        0.321ns  (logic 0.141ns (43.894%)  route 0.180ns (56.106%))
  Logic Levels:           1  (FDRE=1)

    Location             Delay type                Incr(ns)  Path(ns)    Netlist Resource(s)
  -------------------------------------------------------------------    -------------------
    SLICE_X33Y16         FDRE                         0.000     0.000 r  datapath/div/div_reg_reg[6][15]/C
    SLICE_X33Y16         FDRE (Prop_fdre_C_Q)         0.141     0.141 r  datapath/div/div_reg_reg[6][15]/Q
                         net (fo=13, routed)          0.180     0.321    datapath/div/div_reg_reg_n_0_[6][15]
    SLICE_X33Y13         FDRE                                         r  datapath/div/div_reg_reg[7][15]/D
  -------------------------------------------------------------------    -------------------

Slack:                    inf
  Source:                 datapath/div/div_reg_reg[1][11]/C
                            (rising edge-triggered cell FDRE)
  Destination:            datapath/div/div_reg_reg[2][11]/D
  Path Group:             (none)
  Path Type:              Min at Fast Process Corner
  Data Path Delay:        0.323ns  (logic 0.141ns (43.618%)  route 0.182ns (56.382%))
  Logic Levels:           1  (FDRE=1)

    Location             Delay type                Incr(ns)  Path(ns)    Netlist Resource(s)
  -------------------------------------------------------------------    -------------------
    SLICE_X13Y17         FDRE                         0.000     0.000 r  datapath/div/div_reg_reg[1][11]/C
    SLICE_X13Y17         FDRE (Prop_fdre_C_Q)         0.141     0.141 r  datapath/div/div_reg_reg[1][11]/Q
                         net (fo=13, routed)          0.182     0.323    datapath/div/div_reg_reg_n_0_[1][11]
    SLICE_X13Y20         FDRE                                         r  datapath/div/div_reg_reg[2][11]/D
  -------------------------------------------------------------------    -------------------

Slack:                    inf
  Source:                 datapath/div/div_reg_reg[1][6]/C
                            (rising edge-triggered cell FDRE)
  Destination:            datapath/div/div_reg_reg[2][6]/D
  Path Group:             (none)
  Path Type:              Min at Fast Process Corner
  Data Path Delay:        0.330ns  (logic 0.164ns (49.685%)  route 0.166ns (50.315%))
  Logic Levels:           1  (FDRE=1)

    Location             Delay type                Incr(ns)  Path(ns)    Netlist Resource(s)
  -------------------------------------------------------------------    -------------------
    SLICE_X14Y17         FDRE                         0.000     0.000 r  datapath/div/div_reg_reg[1][6]/C
    SLICE_X14Y17         FDRE (Prop_fdre_C_Q)         0.164     0.164 r  datapath/div/div_reg_reg[1][6]/Q
                         net (fo=13, routed)          0.166     0.330    datapath/div/div_reg_reg_n_0_[1][6]
    SLICE_X12Y18         FDRE                                         r  datapath/div/div_reg_reg[2][6]/D
  -------------------------------------------------------------------    -------------------

Slack:                    inf
  Source:                 datapath/div/dend_reg_reg[1][24]/C
                            (rising edge-triggered cell FDRE)
  Destination:            datapath/div/dend_reg_reg[2][28]/D
  Path Group:             (none)
  Path Type:              Min at Fast Process Corner
  Data Path Delay:        0.334ns  (logic 0.164ns (49.062%)  route 0.170ns (50.938%))
  Logic Levels:           1  (FDRE=1)

    Location             Delay type                Incr(ns)  Path(ns)    Netlist Resource(s)
  -------------------------------------------------------------------    -------------------
    SLICE_X22Y14         FDRE                         0.000     0.000 r  datapath/div/dend_reg_reg[1][24]/C
    SLICE_X22Y14         FDRE (Prop_fdre_C_Q)         0.164     0.164 r  datapath/div/dend_reg_reg[1][24]/Q
                         net (fo=1, routed)           0.170     0.334    datapath/div/dend_reg_reg_n_0_[1][24]
    SLICE_X22Y14         FDRE                                         r  datapath/div/dend_reg_reg[2][28]/D
  -------------------------------------------------------------------    -------------------

Slack:                    inf
  Source:                 datapath/div/div_reg_reg[5][8]/C
                            (rising edge-triggered cell FDRE)
  Destination:            datapath/div/div_reg_reg[6][8]/D
  Path Group:             (none)
  Path Type:              Min at Fast Process Corner
  Data Path Delay:        0.349ns  (logic 0.141ns (40.420%)  route 0.208ns (59.580%))
  Logic Levels:           1  (FDRE=1)

    Location             Delay type                Incr(ns)  Path(ns)    Netlist Resource(s)
  -------------------------------------------------------------------    -------------------
    SLICE_X33Y23         FDRE                         0.000     0.000 r  datapath/div/div_reg_reg[5][8]/C
    SLICE_X33Y23         FDRE (Prop_fdre_C_Q)         0.141     0.141 r  datapath/div/div_reg_reg[5][8]/Q
                         net (fo=13, routed)          0.208     0.349    datapath/div/div_reg_reg_n_0_[5][8]
    SLICE_X33Y16         FDRE                                         r  datapath/div/div_reg_reg[6][8]/D
  -------------------------------------------------------------------    -------------------

Slack:                    inf
  Source:                 datapath/div/dend_reg_reg[1][29]/C
                            (rising edge-triggered cell FDRE)
  Destination:            datapath/div/rem_reg_reg[2][1]/D
  Path Group:             (none)
  Path Type:              Min at Fast Process Corner
  Data Path Delay:        0.351ns  (logic 0.246ns (70.151%)  route 0.105ns (29.849%))
  Logic Levels:           2  (FDRE=1 LUT5=1)

    Location             Delay type                Incr(ns)  Path(ns)    Netlist Resource(s)
  -------------------------------------------------------------------    -------------------
    SLICE_X12Y19         FDRE                         0.000     0.000 r  datapath/div/dend_reg_reg[1][29]/C
    SLICE_X12Y19         FDRE (Prop_fdre_C_Q)         0.148     0.148 r  datapath/div/dend_reg_reg[1][29]/Q
                         net (fo=9, routed)           0.105     0.253    datapath/div/dend_reg_reg_n_0_[1][29]
    SLICE_X12Y19         LUT5 (Prop_lut5_I0_O)        0.098     0.351 r  datapath/div/rem_reg[2][1]_i_1/O
                         net (fo=1, routed)           0.000     0.351    datapath/div/rem_wire[8]_45[1]
    SLICE_X12Y19         FDRE                                         r  datapath/div/rem_reg_reg[2][1]/D
  -------------------------------------------------------------------    -------------------

Slack:                    inf
  Source:                 datapath/div/dend_reg_reg[1][27]/C
                            (rising edge-triggered cell FDRE)
  Destination:            datapath/div/dend_reg_reg[2][31]/D
  Path Group:             (none)
  Path Type:              Min at Fast Process Corner
  Data Path Delay:        0.365ns  (logic 0.164ns (44.930%)  route 0.201ns (55.070%))
  Logic Levels:           1  (FDRE=1)

    Location             Delay type                Incr(ns)  Path(ns)    Netlist Resource(s)
  -------------------------------------------------------------------    -------------------
    SLICE_X14Y17         FDRE                         0.000     0.000 r  datapath/div/dend_reg_reg[1][27]/C
    SLICE_X14Y17         FDRE (Prop_fdre_C_Q)         0.164     0.164 r  datapath/div/dend_reg_reg[1][27]/Q
                         net (fo=1, routed)           0.201     0.365    datapath/div/dend_reg_reg_n_0_[1][27]
    SLICE_X14Y17         FDRE                                         r  datapath/div/dend_reg_reg[2][31]/D
  -------------------------------------------------------------------    -------------------





