Copyright 1986-2022 Xilinx, Inc. All Rights Reserved. Copyright 2022-2024 Advanced Micro Devices, Inc. All Rights Reserved.
---------------------------------------------------------------------------------------------------------------------------------------------
| Tool Version : Vivado v.2024.2 (win64) Build 5239630 Fri Nov 08 22:35:27 MST 2024
| Date         : Tue Dec  9 11:36:26 2025
| Host         : BadSugarDaddy running 64-bit major release  (build 9200)
| Command      : report_control_sets -verbose -file Processor_control_sets_placed.rpt
| Design       : Processor
| Device       : xc7z020
---------------------------------------------------------------------------------------------------------------------------------------------

Control Set Information

Table of Contents
-----------------
1. Summary
2. Histogram
3. Flip-Flop Distribution
4. Detailed Control Set Information

1. Summary
----------

+----------------------------------------------------------+-------+
|                          Status                          | Count |
+----------------------------------------------------------+-------+
| Total control sets                                       |    33 |
|    Minimum number of control sets                        |    33 |
|    Addition due to synthesis replication                 |     0 |
|    Addition due to physical synthesis replication        |     0 |
| Unused register locations in slices containing registers |     5 |
+----------------------------------------------------------+-------+
* Control sets can be merged at opt_design using control_set_merge or merge_equivalent_drivers
** Run report_qor_suggestions for automated merging and remapping suggestions


2. Histogram
------------

+--------------------+-------+
|       Fanout       | Count |
+--------------------+-------+
| Total control sets |    33 |
| >= 0 to < 4        |     0 |
| >= 4 to < 6        |     0 |
| >= 6 to < 8        |     0 |
| >= 8 to < 10       |     0 |
| >= 10 to < 12      |     0 |
| >= 12 to < 14      |     0 |
| >= 14 to < 16      |     0 |
| >= 16              |    33 |
+--------------------+-------+
* Control sets can be remapped at either synth_design or opt_design


3. Flip-Flop Distribution
-------------------------

+--------------+-----------------------+------------------------+-----------------+--------------+
| Clock Enable | Synchronous Set/Reset | Asynchronous Set/Reset | Total Registers | Total Slices |
+--------------+-----------------------+------------------------+-----------------+--------------+
| No           | No                    | No                     |             508 |          209 |
| No           | No                    | Yes                    |               0 |            0 |
| No           | Yes                   | No                     |               0 |            0 |
| Yes          | No                    | No                     |               0 |            0 |
| Yes          | No                    | Yes                    |               0 |            0 |
| Yes          | Yes                   | No                     |            1023 |          510 |
+--------------+-----------------------+------------------------+-----------------+--------------+


4. Detailed Control Set Information
-----------------------------------

+-----------------------+--------------------------------+------------------+------------------+----------------+--------------+
|      Clock Signal     |          Enable Signal         | Set/Reset Signal | Slice Load Count | Bel Load Count | Bels / Slice |
+-----------------------+--------------------------------+------------------+------------------+----------------+--------------+
|  clock_proc_IBUF_BUFG | datapath/store_we_to_dmem2     | rst_IBUF         |                8 |             31 |         3.88 |
|  clock_proc_IBUF_BUFG | memory/E[0]                    | rst_IBUF         |               14 |             32 |         2.29 |
|  clock_proc_IBUF_BUFG | memory/mem_array_reg_1_0_15[0] | rst_IBUF         |               18 |             32 |         1.78 |
|  clock_proc_IBUF_BUFG | memory/mem_array_reg_1_0_17[0] | rst_IBUF         |               15 |             32 |         2.13 |
|  clock_proc_IBUF_BUFG | memory/mem_array_reg_1_0_22[0] | rst_IBUF         |               14 |             32 |         2.29 |
|  clock_proc_IBUF_BUFG | memory/mem_array_reg_1_0_16[0] | rst_IBUF         |               14 |             32 |         2.29 |
|  clock_proc_IBUF_BUFG | memory/mem_array_reg_1_0_24[0] | rst_IBUF         |               16 |             32 |         2.00 |
|  clock_proc_IBUF_BUFG | memory/mem_array_reg_1_0_28[0] | rst_IBUF         |               22 |             32 |         1.45 |
|  clock_proc_IBUF_BUFG | memory/mem_array_reg_1_0_6[0]  | rst_IBUF         |               20 |             32 |         1.60 |
|  clock_proc_IBUF_BUFG | memory/mem_array_reg_1_0_9[0]  | rst_IBUF         |               20 |             32 |         1.60 |
|  clock_proc_IBUF_BUFG | memory/mem_array_reg_1_0_11[0] | rst_IBUF         |               16 |             32 |         2.00 |
|  clock_proc_IBUF_BUFG | memory/mem_array_reg_1_0_21[0] | rst_IBUF         |               17 |             32 |         1.88 |
|  clock_proc_IBUF_BUFG | memory/mem_array_reg_1_0_12[0] | rst_IBUF         |               20 |             32 |         1.60 |
|  clock_proc_IBUF_BUFG | memory/mem_array_reg_1_0_13[0] | rst_IBUF         |               12 |             32 |         2.67 |
|  clock_proc_IBUF_BUFG | memory/mem_array_reg_0_1_4[0]  | rst_IBUF         |               14 |             32 |         2.29 |
|  clock_proc_IBUF_BUFG | memory/mem_array_reg_1_0_26[0] | rst_IBUF         |               15 |             32 |         2.13 |
|  clock_proc_IBUF_BUFG | memory/mem_array_reg_1_0_27[0] | rst_IBUF         |               16 |             32 |         2.00 |
|  clock_proc_IBUF_BUFG | memory/mem_array_reg_1_0_7[0]  | rst_IBUF         |               17 |             32 |         1.88 |
|  clock_proc_IBUF_BUFG | memory/mem_array_reg_0_1_3[0]  | rst_IBUF         |               16 |             32 |         2.00 |
|  clock_proc_IBUF_BUFG | memory/mem_array_reg_1_0_8[0]  | rst_IBUF         |               14 |             32 |         2.29 |
|  clock_proc_IBUF_BUFG | memory/mem_array_reg_1_0_31[0] | rst_IBUF         |               17 |             32 |         1.88 |
|  clock_proc_IBUF_BUFG | memory/mem_array_reg_1_0_18[0] | rst_IBUF         |               18 |             32 |         1.78 |
|  clock_proc_IBUF_BUFG | memory/mem_array_reg_1_0_29[0] | rst_IBUF         |               19 |             32 |         1.68 |
|  clock_proc_IBUF_BUFG | memory/mem_array_reg_0_1_5[0]  | rst_IBUF         |               16 |             32 |         2.00 |
|  clock_proc_IBUF_BUFG | memory/mem_array_reg_1_0_14[0] | rst_IBUF         |               14 |             32 |         2.29 |
|  clock_proc_IBUF_BUFG | memory/mem_array_reg_1_0_30[0] | rst_IBUF         |               17 |             32 |         1.88 |
|  clock_proc_IBUF_BUFG | memory/mem_array_reg_1_0_19[0] | rst_IBUF         |               12 |             32 |         2.67 |
|  clock_proc_IBUF_BUFG | memory/mem_array_reg_1_0_20[0] | rst_IBUF         |               12 |             32 |         2.67 |
|  clock_proc_IBUF_BUFG | memory/mem_array_reg_1_0_10[0] | rst_IBUF         |               21 |             32 |         1.52 |
|  clock_proc_IBUF_BUFG | memory/mem_array_reg_1_0_23[0] | rst_IBUF         |               14 |             32 |         2.29 |
|  clock_proc_IBUF_BUFG | memory/mem_array_reg_1_0_25[0] | rst_IBUF         |               16 |             32 |         2.00 |
|  clock_proc_IBUF_BUFG | memory/mem_array_reg_1_0_5[0]  | rst_IBUF         |               16 |             32 |         2.00 |
|  clock_proc_IBUF_BUFG |                                |                  |              209 |            548 |         2.62 |
+-----------------------+--------------------------------+------------------+------------------+----------------+--------------+


