Vivado Simulator v2024.2.0
Copyright 1986-2022 Xilinx, Inc. All Rights Reserved.
Copyright 2022-2024 Advanced Micro Devices, Inc. All Rights Reserved.
Running: D:/Vivado/Vivado/2024.2/bin/unwrapped/win64.o/xelab.exe --incr --debug typical --relax --mt 2 -L xil_defaultlib -L unisims_ver -L unimacro_ver -L secureip --snapshot tb_processor_behav xil_defaultlib.tb_processor xil_defaultlib.glbl -log elaborate.log 
Using 2 slave threads.
Starting static elaboration
Pass Through NonSizing Optimizer
WARNING: [VRFC 10-5021] port 'stall' is not connected on this instance [D:/Subject/SoCs/Lab/Lab4/DatapathMultiCycle.v:247]
Completed static elaboration
Starting simulation data flow analysis
Completed simulation data flow analysis
Time Resolution for simulation is 1ps
Compiling module xil_defaultlib.MemorySingleCycle(NUM_WORDS=8192...
Compiling module xil_defaultlib.RegFile
Compiling module xil_defaultlib.divu_1iter
Compiling module xil_defaultlib.DividerUnsignedPipelined_default
Compiling module xil_defaultlib.gp1
Compiling module xil_defaultlib.gp4
Compiling module xil_defaultlib.gp8
Compiling module xil_defaultlib.cla_default
Compiling module xil_defaultlib.DatapathMultiCycle
Compiling module xil_defaultlib.Processor
Compiling module xil_defaultlib.tb_processor
Compiling module xil_defaultlib.glbl
Built simulation snapshot tb_processor_behav
