Copyright 1986-2022 Xilinx, Inc. All Rights Reserved. Copyright 2022-2024 Advanced Micro Devices, Inc. All Rights Reserved.
---------------------------------------------------------------------------------------------------------------------------------------------
| Tool Version : Vivado v.2024.2 (win64) Build 5239630 Fri Nov 08 22:35:27 MST 2024
| Date         : Fri Dec 12 15:01:19 2025
| Host         : BadSugarDaddy running 64-bit major release  (build 9200)
| Command      : report_control_sets -verbose -file led_string_system_control_sets_placed.rpt
| Design       : led_string_system
| Device       : xc7z020
---------------------------------------------------------------------------------------------------------------------------------------------

Control Set Information

Table of Contents
-----------------
1. Summary
2. Histogram
3. Flip-Flop Distribution
4. Detailed Control Set Information

1. Summary
----------

+----------------------------------------------------------+-------+
|                          Status                          | Count |
+----------------------------------------------------------+-------+
| Total control sets                                       |     6 |
|    Minimum number of control sets                        |     6 |
|    Addition due to synthesis replication                 |     0 |
|    Addition due to physical synthesis replication        |     0 |
| Unused register locations in slices containing registers |    26 |
+----------------------------------------------------------+-------+
* Control sets can be merged at opt_design using control_set_merge or merge_equivalent_drivers
** Run report_qor_suggestions for automated merging and remapping suggestions


2. Histogram
------------

+--------------------+-------+
|       Fanout       | Count |
+--------------------+-------+
| Total control sets |     6 |
| >= 0 to < 4        |     1 |
| >= 4 to < 6        |     2 |
| >= 6 to < 8        |     0 |
| >= 8 to < 10       |     0 |
| >= 10 to < 12      |     0 |
| >= 12 to < 14      |     1 |
| >= 14 to < 16      |     1 |
| >= 16              |     1 |
+--------------------+-------+
* Control sets can be remapped at either synth_design or opt_design


3. Flip-Flop Distribution
-------------------------

+--------------+-----------------------+------------------------+-----------------+--------------+
| Clock Enable | Synchronous Set/Reset | Asynchronous Set/Reset | Total Registers | Total Slices |
+--------------+-----------------------+------------------------+-----------------+--------------+
| No           | No                    | No                     |               3 |            1 |
| No           | No                    | Yes                    |              41 |           19 |
| No           | Yes                   | No                     |               0 |            0 |
| Yes          | No                    | No                     |               4 |            1 |
| Yes          | No                    | Yes                    |              30 |            6 |
| Yes          | Yes                   | No                     |               0 |            0 |
+--------------+-----------------------+------------------------+-----------------+--------------+


4. Detailed Control Set Information
-----------------------------------

+----------------+-------------------------+------------------+------------------+----------------+--------------+
|  Clock Signal  |      Enable Signal      | Set/Reset Signal | Slice Load Count | Bel Load Count | Bels / Slice |
+----------------+-------------------------+------------------+------------------+----------------+--------------+
|  clk_IBUF_BUFG |                         |                  |                1 |              3 |         3.00 |
|  clk_IBUF_BUFG | led[3]_i_1_n_0          | reset_n_IBUF     |                1 |              4 |         4.00 |
|  clk_IBUF_BUFG | led_snapshot[3]_i_1_n_0 |                  |                1 |              4 |         4.00 |
|  clk_IBUF_BUFG | u_tx/E[0]               | reset_n_IBUF     |                2 |             12 |         6.00 |
|  clk_IBUF_BUFG | u_tx/clk_count          | reset_n_IBUF     |                3 |             14 |         4.67 |
|  clk_IBUF_BUFG |                         | reset_n_IBUF     |               19 |             41 |         2.16 |
+----------------+-------------------------+------------------+------------------+----------------+--------------+


