
*** Running vivado
    with args -log SystemDemo.vds -m64 -product Vivado -mode batch -messageDb vivado.pb -notrace -source SystemDemo.tcl



****** Vivado v2024.2 (64-bit)
  **** SW Build 5239630 on Fri Nov 08 22:35:27 MST 2024
  **** IP Build 5239520 on Sun Nov 10 16:12:51 MST 2024
  **** SharedData Build 5239561 on Fri Nov 08 14:39:27 MST 2024
  **** Start of session at: Fri Dec 12 16:16:58 2025
    ** Copyright 1986-2022 Xilinx, Inc. All Rights Reserved.
    ** Copyright 2022-2024 Advanced Micro Devices, Inc. All Rights Reserved.

source SystemDemo.tcl -notrace
Command: read_checkpoint -auto_incremental -incremental D:/Subject/SoCs/Lab/Lab2/cla/cla/cla.srcs/utils_1/imports/synth_1/SystemDemo.dcp
INFO: [Vivado 12-5825] Read reference checkpoint from D:/Subject/SoCs/Lab/Lab2/cla/cla/cla.srcs/utils_1/imports/synth_1/SystemDemo.dcp for incremental synthesis
INFO: [Vivado 12-7989] Please ensure there are no constraint changes
Command: synth_design -top SystemDemo -part xc7z020clg400-1
Starting synth_design
Attempting to get a license for feature 'Synthesis' and/or device 'xc7z020'
INFO: [Common 17-349] Got license for feature 'Synthesis' and/or device 'xc7z020'
INFO: [Device 21-403] Loading part xc7z020clg400-1
INFO: [Designutils 20-5440] No compile time benefit to using incremental synthesis; A full resynthesis will be run
INFO: [Designutils 20-4379] Flow is switching to default flow due to incremental criteria not met. If you would like to alter this behaviour and have the flow terminate instead, please set the following parameter config_implementation {autoIncr.Synth.RejectBehavior Terminate}
INFO: [Synth 8-7079] Multithreading enabled for synth_design using a maximum of 2 processes.
INFO: [Synth 8-7078] Launching helper process for spawning children vivado processes
INFO: [Synth 8-7075] Helper process launched with PID 19600
---------------------------------------------------------------------------------
Starting RTL Elaboration : Time (s): cpu = 00:00:05 ; elapsed = 00:00:05 . Memory (MB): peak = 1037.141 ; gain = 468.789
---------------------------------------------------------------------------------
CRITICAL WARNING: [Synth 8-9873] overwriting previous definition of module 'gp1' [D:/Subject/SoCs/Lab/Lab2/CLA_Resource-20251203/cla.v:13]
INFO: [Synth 8-9937] previous definition of design element 'gp1' is here [D:/Subject/SoCs/Lab/Lab2/CLA_Resource-20251203/cla.v:13]
CRITICAL WARNING: [Synth 8-9873] overwriting previous definition of module 'gp4' [D:/Subject/SoCs/Lab/Lab2/CLA_Resource-20251203/cla.v:36]
INFO: [Synth 8-9937] previous definition of design element 'gp4' is here [D:/Subject/SoCs/Lab/Lab2/CLA_Resource-20251203/cla.v:36]
CRITICAL WARNING: [Synth 8-9873] overwriting previous definition of module 'gp8' [D:/Subject/SoCs/Lab/Lab2/CLA_Resource-20251203/cla.v:61]
INFO: [Synth 8-9937] previous definition of design element 'gp8' is here [D:/Subject/SoCs/Lab/Lab2/CLA_Resource-20251203/cla.v:61]
CRITICAL WARNING: [Synth 8-9873] overwriting previous definition of module 'cla' [D:/Subject/SoCs/Lab/Lab2/CLA_Resource-20251203/cla.v:103]
INFO: [Synth 8-9937] previous definition of design element 'cla' is here [D:/Subject/SoCs/Lab/Lab2/CLA_Resource-20251203/cla.v:103]
INFO: [Synth 8-6157] synthesizing module 'SystemDemo' [D:/Subject/SoCs/Lab/Lab2/CLA_Resource-20251203/system.v:2]
INFO: [Synth 8-6157] synthesizing module 'cla' [D:/Subject/SoCs/Lab/Lab2/CLA_Resource-20251203/cla.v:63]
INFO: [Synth 8-6157] synthesizing module 'gp1' [D:/Subject/SoCs/Lab/Lab2/CLA_Resource-20251203/cla.v:9]
INFO: [Synth 8-6155] done synthesizing module 'gp1' (0#1) [D:/Subject/SoCs/Lab/Lab2/CLA_Resource-20251203/cla.v:9]
INFO: [Synth 8-6157] synthesizing module 'gp8' [D:/Subject/SoCs/Lab/Lab2/CLA_Resource-20251203/cla.v:39]
INFO: [Synth 8-6157] synthesizing module 'gp4' [D:/Subject/SoCs/Lab/Lab2/CLA_Resource-20251203/cla.v:24]
INFO: [Synth 8-6155] done synthesizing module 'gp4' (0#1) [D:/Subject/SoCs/Lab/Lab2/CLA_Resource-20251203/cla.v:24]
INFO: [Synth 8-6155] done synthesizing module 'gp8' (0#1) [D:/Subject/SoCs/Lab/Lab2/CLA_Resource-20251203/cla.v:39]
INFO: [Synth 8-6155] done synthesizing module 'cla' (0#1) [D:/Subject/SoCs/Lab/Lab2/CLA_Resource-20251203/cla.v:63]
INFO: [Synth 8-6155] done synthesizing module 'SystemDemo' (0#1) [D:/Subject/SoCs/Lab/Lab2/CLA_Resource-20251203/system.v:2]
WARNING: [Synth 8-7129] Port btn[3] in module SystemDemo is either unconnected or has no load
WARNING: [Synth 8-7129] Port btn[0] in module SystemDemo is either unconnected or has no load
---------------------------------------------------------------------------------
Finished RTL Elaboration : Time (s): cpu = 00:00:06 ; elapsed = 00:00:06 . Memory (MB): peak = 1142.758 ; gain = 574.406
---------------------------------------------------------------------------------
---------------------------------------------------------------------------------
Start Handling Custom Attributes
---------------------------------------------------------------------------------
---------------------------------------------------------------------------------
Finished Handling Custom Attributes : Time (s): cpu = 00:00:06 ; elapsed = 00:00:06 . Memory (MB): peak = 1142.758 ; gain = 574.406
---------------------------------------------------------------------------------
---------------------------------------------------------------------------------
Finished RTL Optimization Phase 1 : Time (s): cpu = 00:00:06 ; elapsed = 00:00:06 . Memory (MB): peak = 1142.758 ; gain = 574.406
---------------------------------------------------------------------------------
Netlist sorting complete. Time (s): cpu = 00:00:00 ; elapsed = 00:00:00.002 . Memory (MB): peak = 1142.758 ; gain = 0.000
INFO: [Project 1-570] Preparing netlist for logic optimization

Processing XDC Constraints
Initializing timing engine
Parsing XDC File [D:/Subject/SoCs/Lab/Arty-z7-20/Lab2/cla/Arty-Z7-20-Master.xdc]
Finished Parsing XDC File [D:/Subject/SoCs/Lab/Arty-z7-20/Lab2/cla/Arty-Z7-20-Master.xdc]
INFO: [Project 1-236] Implementation specific constraints were found while reading constraint file [D:/Subject/SoCs/Lab/Arty-z7-20/Lab2/cla/Arty-Z7-20-Master.xdc]. These constraints will be ignored for synthesis but will be used in implementation. Impacted constraints are listed in the file [.Xil/SystemDemo_propImpl.xdc].
Resolution: To avoid this warning, move constraints listed in [.Xil/SystemDemo_propImpl.xdc] to another XDC file and exclude this new file from synthesis with the used_in_synthesis property (File Properties dialog in GUI) and re-run elaboration/synthesis.
Completed Processing XDC Constraints

Netlist sorting complete. Time (s): cpu = 00:00:00 ; elapsed = 00:00:00 . Memory (MB): peak = 1229.051 ; gain = 0.000
INFO: [Project 1-111] Unisim Transformation Summary:
No Unisim elements were transformed.

Constraint Validation Runtime : Time (s): cpu = 00:00:00 ; elapsed = 00:00:00.002 . Memory (MB): peak = 1229.051 ; gain = 0.000
INFO: [Designutils 20-5440] No compile time benefit to using incremental synthesis; A full resynthesis will be run
INFO: [Designutils 20-4379] Flow is switching to default flow due to incremental criteria not met. If you would like to alter this behaviour and have the flow terminate instead, please set the following parameter config_implementation {autoIncr.Synth.RejectBehavior Terminate}
---------------------------------------------------------------------------------
Finished Constraint Validation : Time (s): cpu = 00:00:13 ; elapsed = 00:00:14 . Memory (MB): peak = 1229.051 ; gain = 660.699
---------------------------------------------------------------------------------
---------------------------------------------------------------------------------
Start Loading Part and Timing Information
---------------------------------------------------------------------------------
Loading part: xc7z020clg400-1
---------------------------------------------------------------------------------
Finished Loading Part and Timing Information : Time (s): cpu = 00:00:13 ; elapsed = 00:00:14 . Memory (MB): peak = 1229.051 ; gain = 660.699
---------------------------------------------------------------------------------
---------------------------------------------------------------------------------
Start Applying 'set_property' XDC Constraints
---------------------------------------------------------------------------------
---------------------------------------------------------------------------------
Finished applying 'set_property' XDC Constraints : Time (s): cpu = 00:00:13 ; elapsed = 00:00:14 . Memory (MB): peak = 1229.051 ; gain = 660.699
---------------------------------------------------------------------------------
---------------------------------------------------------------------------------
Finished RTL Optimization Phase 2 : Time (s): cpu = 00:00:13 ; elapsed = 00:00:14 . Memory (MB): peak = 1229.051 ; gain = 660.699
---------------------------------------------------------------------------------
---------------------------------------------------------------------------------
Start RTL Component Statistics 
---------------------------------------------------------------------------------
Detailed RTL Component Info : 
+---XORs : 
	   2 Input      1 Bit         XORs := 32    
---------------------------------------------------------------------------------
Finished RTL Component Statistics 
---------------------------------------------------------------------------------
---------------------------------------------------------------------------------
Start Part Resource Summary
---------------------------------------------------------------------------------
Part Resources:
DSPs: 220 (col length:60)
BRAMs: 280 (col length: RAMB18 60 RAMB36 30)
---------------------------------------------------------------------------------
Finished Part Resource Summary
---------------------------------------------------------------------------------
---------------------------------------------------------------------------------
Start Cross Boundary and Area Optimization
---------------------------------------------------------------------------------
WARNING: [Synth 8-7080] Parallel synthesis criteria is not met
WARNING: [Synth 8-7129] Port btn[3] in module SystemDemo is either unconnected or has no load
WARNING: [Synth 8-7129] Port btn[0] in module SystemDemo is either unconnected or has no load
---------------------------------------------------------------------------------
Finished Cross Boundary and Area Optimization : Time (s): cpu = 00:00:15 ; elapsed = 00:00:16 . Memory (MB): peak = 1229.051 ; gain = 660.699
---------------------------------------------------------------------------------
---------------------------------------------------------------------------------
Start Applying XDC Timing Constraints
---------------------------------------------------------------------------------
---------------------------------------------------------------------------------
Finished Applying XDC Timing Constraints : Time (s): cpu = 00:00:20 ; elapsed = 00:00:21 . Memory (MB): peak = 1336.117 ; gain = 767.766
---------------------------------------------------------------------------------
---------------------------------------------------------------------------------
Start Timing Optimization
---------------------------------------------------------------------------------
---------------------------------------------------------------------------------
Finished Timing Optimization : Time (s): cpu = 00:00:20 ; elapsed = 00:00:21 . Memory (MB): peak = 1336.117 ; gain = 767.766
---------------------------------------------------------------------------------
---------------------------------------------------------------------------------
Start Technology Mapping
---------------------------------------------------------------------------------
---------------------------------------------------------------------------------
Finished Technology Mapping : Time (s): cpu = 00:00:20 ; elapsed = 00:00:21 . Memory (MB): peak = 1345.691 ; gain = 777.340
---------------------------------------------------------------------------------
---------------------------------------------------------------------------------
Start IO Insertion
---------------------------------------------------------------------------------
---------------------------------------------------------------------------------
Start Flattening Before IO Insertion
---------------------------------------------------------------------------------
---------------------------------------------------------------------------------
Finished Flattening Before IO Insertion
---------------------------------------------------------------------------------
---------------------------------------------------------------------------------
Start Final Netlist Cleanup
---------------------------------------------------------------------------------
---------------------------------------------------------------------------------
Finished Final Netlist Cleanup
---------------------------------------------------------------------------------
---------------------------------------------------------------------------------
Finished IO Insertion : Time (s): cpu = 00:00:23 ; elapsed = 00:00:25 . Memory (MB): peak = 1562.180 ; gain = 993.828
---------------------------------------------------------------------------------
---------------------------------------------------------------------------------
Start Renaming Generated Instances
---------------------------------------------------------------------------------
---------------------------------------------------------------------------------
Finished Renaming Generated Instances : Time (s): cpu = 00:00:23 ; elapsed = 00:00:25 . Memory (MB): peak = 1562.180 ; gain = 993.828
---------------------------------------------------------------------------------
---------------------------------------------------------------------------------
Start Rebuilding User Hierarchy
---------------------------------------------------------------------------------
---------------------------------------------------------------------------------
Finished Rebuilding User Hierarchy : Time (s): cpu = 00:00:23 ; elapsed = 00:00:25 . Memory (MB): peak = 1562.180 ; gain = 993.828
---------------------------------------------------------------------------------
---------------------------------------------------------------------------------
Start Renaming Generated Ports
---------------------------------------------------------------------------------
---------------------------------------------------------------------------------
Finished Renaming Generated Ports : Time (s): cpu = 00:00:23 ; elapsed = 00:00:25 . Memory (MB): peak = 1562.180 ; gain = 993.828
---------------------------------------------------------------------------------
---------------------------------------------------------------------------------
Start Handling Custom Attributes
---------------------------------------------------------------------------------
---------------------------------------------------------------------------------
Finished Handling Custom Attributes : Time (s): cpu = 00:00:23 ; elapsed = 00:00:25 . Memory (MB): peak = 1562.180 ; gain = 993.828
---------------------------------------------------------------------------------
---------------------------------------------------------------------------------
Start Renaming Generated Nets
---------------------------------------------------------------------------------
---------------------------------------------------------------------------------
Finished Renaming Generated Nets : Time (s): cpu = 00:00:23 ; elapsed = 00:00:25 . Memory (MB): peak = 1562.180 ; gain = 993.828
---------------------------------------------------------------------------------
---------------------------------------------------------------------------------
Start Writing Synthesis Report
---------------------------------------------------------------------------------

Report BlackBoxes: 
+-+--------------+----------+
| |BlackBox name |Instances |
+-+--------------+----------+
+-+--------------+----------+

Report Cell Usage: 
+------+-----+------+
|      |Cell |Count |
+------+-----+------+
|1     |LUT1 |     1|
|2     |LUT2 |     1|
|3     |LUT3 |     1|
|4     |LUT4 |     2|
|5     |IBUF |     5|
|6     |OBUF |     8|
+------+-----+------+
---------------------------------------------------------------------------------
Finished Writing Synthesis Report : Time (s): cpu = 00:00:23 ; elapsed = 00:00:25 . Memory (MB): peak = 1562.180 ; gain = 993.828
---------------------------------------------------------------------------------
Synthesis finished with 0 errors, 0 critical warnings and 3 warnings.
Synthesis Optimization Runtime : Time (s): cpu = 00:00:17 ; elapsed = 00:00:23 . Memory (MB): peak = 1562.180 ; gain = 907.535
Synthesis Optimization Complete : Time (s): cpu = 00:00:24 ; elapsed = 00:00:25 . Memory (MB): peak = 1562.180 ; gain = 993.828
INFO: [Project 1-571] Translating synthesized netlist
Netlist sorting complete. Time (s): cpu = 00:00:00 ; elapsed = 00:00:00 . Memory (MB): peak = 1571.309 ; gain = 0.000
INFO: [Project 1-570] Preparing netlist for logic optimization
INFO: [Opt 31-138] Pushed 0 inverter(s) to 0 load pin(s).
Netlist sorting complete. Time (s): cpu = 00:00:00 ; elapsed = 00:00:00 . Memory (MB): peak = 1574.984 ; gain = 0.000
INFO: [Project 1-111] Unisim Transformation Summary:
No Unisim elements were transformed.

Synth Design complete | Checksum: 290bbff2
INFO: [Common 17-83] Releasing license: Synthesis
33 Infos, 5 Warnings, 4 Critical Warnings and 0 Errors encountered.
synth_design completed successfully
synth_design: Time (s): cpu = 00:00:27 ; elapsed = 00:00:31 . Memory (MB): peak = 1574.984 ; gain = 1244.832
INFO: [runtcl-6] Synthesis results are not added to the cache due to CRITICAL_WARNING
Write ShapeDB Complete: Time (s): cpu = 00:00:00 ; elapsed = 00:00:00.002 . Memory (MB): peak = 1574.984 ; gain = 0.000
INFO: [Common 17-1381] The checkpoint 'D:/Subject/SoCs/Lab/Lab2/cla/cla/cla.runs/synth_1/SystemDemo.dcp' has been generated.
INFO: [Vivado 12-24828] Executing command : report_utilization -file SystemDemo_utilization_synth.rpt -pb SystemDemo_utilization_synth.pb
INFO: [Common 17-206] Exiting Vivado at Fri Dec 12 16:17:33 2025...
