Vivado Simulator v2024.2.0
Copyright 1986-2022 Xilinx, Inc. All Rights Reserved.
Copyright 2022-2024 Advanced Micro Devices, Inc. All Rights Reserved.
Running: D:/Vivado/Vivado/2024.2/bin/unwrapped/win64.o/xelab.exe --incr --debug typical --relax --mt 2 -L xil_defaultlib -L unisims_ver -L unimacro_ver -L secureip --snapshot tb_led_string_system_behav xil_defaultlib.tb_led_string_system xil_defaultlib.glbl -log elaborate.log 
Using 2 slave threads.
Starting static elaboration
Pass Through NonSizing Optimizer
Completed static elaboration
Starting simulation data flow analysis
WARNING: [XSIM 43-4099] "D:/Subject/SoCs/Lab/Lab 1/Ex_3/Ex_3.srcs/sources_1/new/ex_3.v" Line 1. Module led_string_system(CLOCK_FREQ=200,BAUD_RATE=100) doesn't have a timescale but at least one module in design has a timescale.
WARNING: [XSIM 43-4099] "D:/Subject/SoCs/Lab/Lab 1/Ex_3/Ex_3.srcs/sources_1/new/uart_tx.v" Line 1. Module uart_tx(CLOCK_FREQ=200,BAUD_RATE=100) doesn't have a timescale but at least one module in design has a timescale.
WARNING: [XSIM 43-4099] "D:/Subject/SoCs/Lab/Lab 1/Ex_3/Ex_3.srcs/sources_1/new/ex_3.v" Line 1. Module led_string_system(CLOCK_FREQ=200,BAUD_RATE=100) doesn't have a timescale but at least one module in design has a timescale.
WARNING: [XSIM 43-4099] "D:/Subject/SoCs/Lab/Lab 1/Ex_3/Ex_3.srcs/sources_1/new/uart_tx.v" Line 1. Module uart_tx(CLOCK_FREQ=200,BAUD_RATE=100) doesn't have a timescale but at least one module in design has a timescale.
Completed simulation data flow analysis
Time Resolution for simulation is 1ps
Compiling module xil_defaultlib.uart_tx(CLOCK_FREQ=200,BAUD_RATE...
Compiling module xil_defaultlib.led_string_system(CLOCK_FREQ=200...
Compiling module xil_defaultlib.tb_led_string_system
Compiling module xil_defaultlib.glbl
Built simulation snapshot tb_led_string_system_behav
