
*** Running vivado
    with args -log Processor.vds -m64 -product Vivado -mode batch -messageDb vivado.pb -notrace -source Processor.tcl



****** Vivado v2024.2 (64-bit)
  **** SW Build 5239630 on Fri Nov 08 22:35:27 MST 2024
  **** IP Build 5239520 on Sun Nov 10 16:12:51 MST 2024
  **** SharedData Build 5239561 on Fri Nov 08 14:39:27 MST 2024
  **** Start of session at: Tue Dec  9 11:33:24 2025
    ** Copyright 1986-2022 Xilinx, Inc. All Rights Reserved.
    ** Copyright 2022-2024 Advanced Micro Devices, Inc. All Rights Reserved.

source Processor.tcl -notrace
Command: synth_design -top Processor -part xc7z020clg400-1
Starting synth_design
Attempting to get a license for feature 'Synthesis' and/or device 'xc7z020'
INFO: [Common 17-349] Got license for feature 'Synthesis' and/or device 'xc7z020'
INFO: [Device 21-403] Loading part xc7z020clg400-1
INFO: [Synth 8-7079] Multithreading enabled for synth_design using a maximum of 2 processes.
INFO: [Synth 8-7078] Launching helper process for spawning children vivado processes
INFO: [Synth 8-7075] Helper process launched with PID 7592
---------------------------------------------------------------------------------
Starting RTL Elaboration : Time (s): cpu = 00:00:04 ; elapsed = 00:00:05 . Memory (MB): peak = 1028.816 ; gain = 466.715
---------------------------------------------------------------------------------
INFO: [Synth 8-6157] synthesizing module 'Processor' [D:/Subject/SoCs/Lab/Lab4/DatapathMultiCycle.v:416]
INFO: [Synth 8-6157] synthesizing module 'MemorySingleCycle' [D:/Subject/SoCs/Lab/Lab4/DatapathMultiCycle.v:355]
	Parameter NUM_WORDS bound to: 8192 - type: integer 
INFO: [Synth 8-3876] $readmem data file 'D:/Subject/SoCs/Lab/Lab4/mem_initial_contents.hex' is read successfully [D:/Subject/SoCs/Lab/Lab4/DatapathMultiCycle.v:375]
INFO: [Synth 8-6155] done synthesizing module 'MemorySingleCycle' (0#1) [D:/Subject/SoCs/Lab/Lab4/DatapathMultiCycle.v:355]
INFO: [Synth 8-6157] synthesizing module 'DatapathMultiCycle' [D:/Subject/SoCs/Lab/Lab4/DatapathMultiCycle.v:67]
INFO: [Synth 8-6157] synthesizing module 'RegFile' [D:/Subject/SoCs/Lab/Lab4/DatapathMultiCycle.v:15]
INFO: [Synth 8-6155] done synthesizing module 'RegFile' (0#1) [D:/Subject/SoCs/Lab/Lab4/DatapathMultiCycle.v:15]
INFO: [Synth 8-6157] synthesizing module 'DividerUnsignedPipelined' [D:/Subject/SoCs/Lab/Lab4/DividerUnsignedPipelined.v:23]
INFO: [Synth 8-6157] synthesizing module 'divu_1iter' [D:/Subject/SoCs/Lab/Lab4/divu_1iter.v:23]
INFO: [Synth 8-6155] done synthesizing module 'divu_1iter' (0#1) [D:/Subject/SoCs/Lab/Lab4/divu_1iter.v:23]
INFO: [Synth 8-6155] done synthesizing module 'DividerUnsignedPipelined' (0#1) [D:/Subject/SoCs/Lab/Lab4/DividerUnsignedPipelined.v:23]
WARNING: [Synth 8-7071] port 'stall' of module 'DividerUnsignedPipelined' is unconnected for instance 'div' [D:/Subject/SoCs/Lab/Lab4/DatapathMultiCycle.v:263]
WARNING: [Synth 8-7023] instance 'div' of module 'DividerUnsignedPipelined' has 7 connections declared, but only 6 given [D:/Subject/SoCs/Lab/Lab4/DatapathMultiCycle.v:263]
INFO: [Synth 8-6157] synthesizing module 'cla' [D:/Subject/SoCs/Lab/Lab4/cla.v:75]
INFO: [Synth 8-6157] synthesizing module 'gp1' [D:/Subject/SoCs/Lab/Lab4/cla.v:9]
INFO: [Synth 8-6155] done synthesizing module 'gp1' (0#1) [D:/Subject/SoCs/Lab/Lab4/cla.v:9]
INFO: [Synth 8-6157] synthesizing module 'gp8' [D:/Subject/SoCs/Lab/Lab4/cla.v:47]
INFO: [Synth 8-6157] synthesizing module 'gp4' [D:/Subject/SoCs/Lab/Lab4/cla.v:24]
INFO: [Synth 8-6155] done synthesizing module 'gp4' (0#1) [D:/Subject/SoCs/Lab/Lab4/cla.v:24]
INFO: [Synth 8-6155] done synthesizing module 'gp8' (0#1) [D:/Subject/SoCs/Lab/Lab4/cla.v:47]
INFO: [Synth 8-6155] done synthesizing module 'cla' (0#1) [D:/Subject/SoCs/Lab/Lab4/cla.v:75]
INFO: [Synth 8-6155] done synthesizing module 'DatapathMultiCycle' (0#1) [D:/Subject/SoCs/Lab/Lab4/DatapathMultiCycle.v:67]
INFO: [Synth 8-6155] done synthesizing module 'Processor' (0#1) [D:/Subject/SoCs/Lab/Lab4/DatapathMultiCycle.v:416]
WARNING: [Synth 8-6014] Unused sequential element cycles_current_reg was removed.  [D:/Subject/SoCs/Lab/Lab4/DatapathMultiCycle.v:227]
WARNING: [Synth 8-6014] Unused sequential element num_inst_current_reg was removed.  [D:/Subject/SoCs/Lab/Lab4/DatapathMultiCycle.v:228]
WARNING: [Synth 8-7129] Port rst in module DividerUnsignedPipelined is either unconnected or has no load
WARNING: [Synth 8-7129] Port stall in module DividerUnsignedPipelined is either unconnected or has no load
WARNING: [Synth 8-7129] Port rst in module MemorySingleCycle is either unconnected or has no load
WARNING: [Synth 8-7129] Port pc_to_imem[31] in module MemorySingleCycle is either unconnected or has no load
WARNING: [Synth 8-7129] Port pc_to_imem[30] in module MemorySingleCycle is either unconnected or has no load
WARNING: [Synth 8-7129] Port pc_to_imem[29] in module MemorySingleCycle is either unconnected or has no load
WARNING: [Synth 8-7129] Port pc_to_imem[28] in module MemorySingleCycle is either unconnected or has no load
WARNING: [Synth 8-7129] Port pc_to_imem[27] in module MemorySingleCycle is either unconnected or has no load
WARNING: [Synth 8-7129] Port pc_to_imem[26] in module MemorySingleCycle is either unconnected or has no load
WARNING: [Synth 8-7129] Port pc_to_imem[25] in module MemorySingleCycle is either unconnected or has no load
WARNING: [Synth 8-7129] Port pc_to_imem[24] in module MemorySingleCycle is either unconnected or has no load
WARNING: [Synth 8-7129] Port pc_to_imem[23] in module MemorySingleCycle is either unconnected or has no load
WARNING: [Synth 8-7129] Port pc_to_imem[22] in module MemorySingleCycle is either unconnected or has no load
WARNING: [Synth 8-7129] Port pc_to_imem[21] in module MemorySingleCycle is either unconnected or has no load
WARNING: [Synth 8-7129] Port pc_to_imem[20] in module MemorySingleCycle is either unconnected or has no load
WARNING: [Synth 8-7129] Port pc_to_imem[19] in module MemorySingleCycle is either unconnected or has no load
WARNING: [Synth 8-7129] Port pc_to_imem[18] in module MemorySingleCycle is either unconnected or has no load
WARNING: [Synth 8-7129] Port pc_to_imem[17] in module MemorySingleCycle is either unconnected or has no load
WARNING: [Synth 8-7129] Port pc_to_imem[16] in module MemorySingleCycle is either unconnected or has no load
WARNING: [Synth 8-7129] Port pc_to_imem[15] in module MemorySingleCycle is either unconnected or has no load
WARNING: [Synth 8-7129] Port pc_to_imem[1] in module MemorySingleCycle is either unconnected or has no load
WARNING: [Synth 8-7129] Port pc_to_imem[0] in module MemorySingleCycle is either unconnected or has no load
WARNING: [Synth 8-7129] Port addr_to_dmem[31] in module MemorySingleCycle is either unconnected or has no load
WARNING: [Synth 8-7129] Port addr_to_dmem[30] in module MemorySingleCycle is either unconnected or has no load
WARNING: [Synth 8-7129] Port addr_to_dmem[29] in module MemorySingleCycle is either unconnected or has no load
WARNING: [Synth 8-7129] Port addr_to_dmem[28] in module MemorySingleCycle is either unconnected or has no load
WARNING: [Synth 8-7129] Port addr_to_dmem[27] in module MemorySingleCycle is either unconnected or has no load
WARNING: [Synth 8-7129] Port addr_to_dmem[26] in module MemorySingleCycle is either unconnected or has no load
WARNING: [Synth 8-7129] Port addr_to_dmem[25] in module MemorySingleCycle is either unconnected or has no load
WARNING: [Synth 8-7129] Port addr_to_dmem[24] in module MemorySingleCycle is either unconnected or has no load
WARNING: [Synth 8-7129] Port addr_to_dmem[23] in module MemorySingleCycle is either unconnected or has no load
WARNING: [Synth 8-7129] Port addr_to_dmem[22] in module MemorySingleCycle is either unconnected or has no load
WARNING: [Synth 8-7129] Port addr_to_dmem[21] in module MemorySingleCycle is either unconnected or has no load
WARNING: [Synth 8-7129] Port addr_to_dmem[20] in module MemorySingleCycle is either unconnected or has no load
WARNING: [Synth 8-7129] Port addr_to_dmem[19] in module MemorySingleCycle is either unconnected or has no load
WARNING: [Synth 8-7129] Port addr_to_dmem[18] in module MemorySingleCycle is either unconnected or has no load
WARNING: [Synth 8-7129] Port addr_to_dmem[17] in module MemorySingleCycle is either unconnected or has no load
WARNING: [Synth 8-7129] Port addr_to_dmem[16] in module MemorySingleCycle is either unconnected or has no load
WARNING: [Synth 8-7129] Port addr_to_dmem[15] in module MemorySingleCycle is either unconnected or has no load
WARNING: [Synth 8-7129] Port addr_to_dmem[1] in module MemorySingleCycle is either unconnected or has no load
WARNING: [Synth 8-7129] Port addr_to_dmem[0] in module MemorySingleCycle is either unconnected or has no load
---------------------------------------------------------------------------------
Finished RTL Elaboration : Time (s): cpu = 00:00:06 ; elapsed = 00:00:06 . Memory (MB): peak = 1144.980 ; gain = 582.879
---------------------------------------------------------------------------------
---------------------------------------------------------------------------------
Start Handling Custom Attributes
---------------------------------------------------------------------------------
---------------------------------------------------------------------------------
Finished Handling Custom Attributes : Time (s): cpu = 00:00:06 ; elapsed = 00:00:06 . Memory (MB): peak = 1144.980 ; gain = 582.879
---------------------------------------------------------------------------------
---------------------------------------------------------------------------------
Finished RTL Optimization Phase 1 : Time (s): cpu = 00:00:06 ; elapsed = 00:00:06 . Memory (MB): peak = 1144.980 ; gain = 582.879
---------------------------------------------------------------------------------
Netlist sorting complete. Time (s): cpu = 00:00:00 ; elapsed = 00:00:00.086 . Memory (MB): peak = 1144.980 ; gain = 0.000
INFO: [Project 1-570] Preparing netlist for logic optimization

Processing XDC Constraints
Initializing timing engine
Parsing XDC File [D:/Subject/SoCs/Lab/Arty-z7-20/Lab4/Arty-Z7-20-Master.xdc]
Finished Parsing XDC File [D:/Subject/SoCs/Lab/Arty-z7-20/Lab4/Arty-Z7-20-Master.xdc]
Completed Processing XDC Constraints

Netlist sorting complete. Time (s): cpu = 00:00:00 ; elapsed = 00:00:00 . Memory (MB): peak = 1234.332 ; gain = 0.000
INFO: [Project 1-111] Unisim Transformation Summary:
No Unisim elements were transformed.

Constraint Validation Runtime : Time (s): cpu = 00:00:00 ; elapsed = 00:00:00.012 . Memory (MB): peak = 1234.332 ; gain = 0.000
---------------------------------------------------------------------------------
Finished Constraint Validation : Time (s): cpu = 00:00:13 ; elapsed = 00:00:14 . Memory (MB): peak = 1234.332 ; gain = 672.230
---------------------------------------------------------------------------------
---------------------------------------------------------------------------------
Start Loading Part and Timing Information
---------------------------------------------------------------------------------
Loading part: xc7z020clg400-1
---------------------------------------------------------------------------------
Finished Loading Part and Timing Information : Time (s): cpu = 00:00:13 ; elapsed = 00:00:14 . Memory (MB): peak = 1234.332 ; gain = 672.230
---------------------------------------------------------------------------------
---------------------------------------------------------------------------------
Start Applying 'set_property' XDC Constraints
---------------------------------------------------------------------------------
---------------------------------------------------------------------------------
Finished applying 'set_property' XDC Constraints : Time (s): cpu = 00:00:13 ; elapsed = 00:00:14 . Memory (MB): peak = 1234.332 ; gain = 672.230
---------------------------------------------------------------------------------
WARNING: [Synth 8-6841] Block RAM (mem_array_reg) originally specified as a Byte Wide Write Enable RAM cannot take advantage of ByteWide feature and is implemented with single write enable per RAM due to following reason.
(address width (13) is more than optimal threshold of 12. Implementing using BWWE will require more logic and timing would be suboptimal. Please use attribute ram_decomp = power if BWWE is desired.)
---------------------------------------------------------------------------------
Finished RTL Optimization Phase 2 : Time (s): cpu = 00:00:14 ; elapsed = 00:00:15 . Memory (MB): peak = 1234.332 ; gain = 672.230
---------------------------------------------------------------------------------
---------------------------------------------------------------------------------
Start RTL Component Statistics 
---------------------------------------------------------------------------------
Detailed RTL Component Info : 
+---Adders : 
	   3 Input   32 Bit       Adders := 32    
	   2 Input   32 Bit       Adders := 4     
	   2 Input    3 Bit       Adders := 1     
+---XORs : 
	   2 Input     32 Bit         XORs := 1     
	   2 Input      1 Bit         XORs := 32    
+---Registers : 
	               32 Bit    Registers := 63    
	                3 Bit    Registers := 1     
+---RAMs : 
	             256K Bit	(8192 X 32 bit)          RAMs := 1     
+---Muxes : 
	   2 Input   32 Bit        Muxes := 45    
	   2 Input    8 Bit        Muxes := 1     
	   2 Input    4 Bit        Muxes := 1     
	   2 Input    2 Bit        Muxes := 1     
	   2 Input    1 Bit        Muxes := 65    
---------------------------------------------------------------------------------
Finished RTL Component Statistics 
---------------------------------------------------------------------------------
---------------------------------------------------------------------------------
Start Part Resource Summary
---------------------------------------------------------------------------------
Part Resources:
DSPs: 220 (col length:60)
BRAMs: 280 (col length: RAMB18 60 RAMB36 30)
---------------------------------------------------------------------------------
Finished Part Resource Summary
---------------------------------------------------------------------------------
---------------------------------------------------------------------------------
Start Cross Boundary and Area Optimization
---------------------------------------------------------------------------------
WARNING: [Synth 8-7080] Parallel synthesis criteria is not met
WARNING: [Synth 8-7129] Port i_remainder[31] in module divu_1iter is either unconnected or has no load
WARNING: [Synth 8-7129] Port i_quotient[31] in module divu_1iter is either unconnected or has no load
WARNING: [Synth 8-7129] Port rst in module DividerUnsignedPipelined is either unconnected or has no load
WARNING: [Synth 8-7129] Port stall in module DividerUnsignedPipelined is either unconnected or has no load
WARNING: [Synth 8-6841] Block RAM (memory/mem_array_reg) originally specified as a Byte Wide Write Enable RAM cannot take advantage of ByteWide feature and is implemented with single write enable per RAM due to following reason.
(address width (13) is more than optimal threshold of 12. Implementing using BWWE will require more logic and timing would be suboptimal. Please use attribute ram_decomp = power if BWWE is desired.)
---------------------------------------------------------------------------------
Finished Cross Boundary and Area Optimization : Time (s): cpu = 00:01:22 ; elapsed = 00:01:27 . Memory (MB): peak = 1363.551 ; gain = 801.449
---------------------------------------------------------------------------------
---------------------------------------------------------------------------------
Start ROM, RAM, DSP, Shift Register and Retiming Reporting
---------------------------------------------------------------------------------

Block RAM: Preliminary Mapping Report (see note below)
+------------+----------------------+------------------------+---+---+------------------------+---+---+------------------+--------+--------+
|Module Name | RTL Object           | PORT A (Depth x Width) | W | R | PORT B (Depth x Width) | W | R | Ports driving FF | RAMB18 | RAMB36 | 
+------------+----------------------+------------------------+---+---+------------------------+---+---+------------------+--------+--------+
|Processor   | memory/mem_array_reg | 8 K x 32(READ_FIRST)   | W | R | 8 K x 32(WRITE_FIRST)  |   | R | Port A and B     | 0      | 8      | 
+------------+----------------------+------------------------+---+---+------------------------+---+---+------------------+--------+--------+

Note: The table above is a preliminary report that shows the Block RAMs at the current stage of the synthesis flow. Some Block RAMs may be reimplemented as non Block RAM primitives later in the synthesis flow. Multiple instantiated Block RAMs are reported only once. 
---------------------------------------------------------------------------------
Finished ROM, RAM, DSP, Shift Register and Retiming Reporting
---------------------------------------------------------------------------------
---------------------------------------------------------------------------------
Start Applying XDC Timing Constraints
---------------------------------------------------------------------------------
---------------------------------------------------------------------------------
Finished Applying XDC Timing Constraints : Time (s): cpu = 00:01:36 ; elapsed = 00:01:41 . Memory (MB): peak = 1380.348 ; gain = 818.246
---------------------------------------------------------------------------------
---------------------------------------------------------------------------------
Start Timing Optimization
---------------------------------------------------------------------------------
---------------------------------------------------------------------------------
Finished Timing Optimization : Time (s): cpu = 00:01:49 ; elapsed = 00:01:55 . Memory (MB): peak = 1384.520 ; gain = 822.418
---------------------------------------------------------------------------------
---------------------------------------------------------------------------------
Start ROM, RAM, DSP, Shift Register and Retiming Reporting
---------------------------------------------------------------------------------

Block RAM: Final Mapping Report
+------------+----------------------+------------------------+---+---+------------------------+---+---+------------------+--------+--------+
|Module Name | RTL Object           | PORT A (Depth x Width) | W | R | PORT B (Depth x Width) | W | R | Ports driving FF | RAMB18 | RAMB36 | 
+------------+----------------------+------------------------+---+---+------------------------+---+---+------------------+--------+--------+
|Processor   | memory/mem_array_reg | 8 K x 32(READ_FIRST)   | W | R | 8 K x 32(WRITE_FIRST)  |   | R | Port A and B     | 0      | 8      | 
+------------+----------------------+------------------------+---+---+------------------------+---+---+------------------+--------+--------+

---------------------------------------------------------------------------------
Finished ROM, RAM, DSP, Shift Register and Retiming Reporting
---------------------------------------------------------------------------------
---------------------------------------------------------------------------------
Start Technology Mapping
---------------------------------------------------------------------------------
INFO: [Synth 8-7052] The timing for the instance memory/mem_array_reg_0_0 (implemented as a Block RAM) might be sub-optimal as no optional output register could be merged into the ram block. Providing additional output register may help in improving timing.
INFO: [Synth 8-7052] The timing for the instance memory/mem_array_reg_0_0 (implemented as a Block RAM) might be sub-optimal as no optional output register could be merged into the ram block. Providing additional output register may help in improving timing.
INFO: [Synth 8-7052] The timing for the instance memory/mem_array_reg_0_1 (implemented as a Block RAM) might be sub-optimal as no optional output register could be merged into the ram block. Providing additional output register may help in improving timing.
INFO: [Synth 8-7052] The timing for the instance memory/mem_array_reg_0_1 (implemented as a Block RAM) might be sub-optimal as no optional output register could be merged into the ram block. Providing additional output register may help in improving timing.
INFO: [Synth 8-7052] The timing for the instance memory/mem_array_reg_1_0 (implemented as a Block RAM) might be sub-optimal as no optional output register could be merged into the ram block. Providing additional output register may help in improving timing.
INFO: [Synth 8-7052] The timing for the instance memory/mem_array_reg_1_0 (implemented as a Block RAM) might be sub-optimal as no optional output register could be merged into the ram block. Providing additional output register may help in improving timing.
INFO: [Synth 8-7052] The timing for the instance memory/mem_array_reg_1_1 (implemented as a Block RAM) might be sub-optimal as no optional output register could be merged into the ram block. Providing additional output register may help in improving timing.
INFO: [Synth 8-7052] The timing for the instance memory/mem_array_reg_1_1 (implemented as a Block RAM) might be sub-optimal as no optional output register could be merged into the ram block. Providing additional output register may help in improving timing.
INFO: [Synth 8-7052] The timing for the instance memory/mem_array_reg_2_0 (implemented as a Block RAM) might be sub-optimal as no optional output register could be merged into the ram block. Providing additional output register may help in improving timing.
INFO: [Synth 8-7052] The timing for the instance memory/mem_array_reg_2_0 (implemented as a Block RAM) might be sub-optimal as no optional output register could be merged into the ram block. Providing additional output register may help in improving timing.
INFO: [Synth 8-7052] The timing for the instance memory/mem_array_reg_2_1 (implemented as a Block RAM) might be sub-optimal as no optional output register could be merged into the ram block. Providing additional output register may help in improving timing.
INFO: [Synth 8-7052] The timing for the instance memory/mem_array_reg_2_1 (implemented as a Block RAM) might be sub-optimal as no optional output register could be merged into the ram block. Providing additional output register may help in improving timing.
INFO: [Synth 8-7052] The timing for the instance memory/mem_array_reg_3_0 (implemented as a Block RAM) might be sub-optimal as no optional output register could be merged into the ram block. Providing additional output register may help in improving timing.
INFO: [Synth 8-7052] The timing for the instance memory/mem_array_reg_3_0 (implemented as a Block RAM) might be sub-optimal as no optional output register could be merged into the ram block. Providing additional output register may help in improving timing.
INFO: [Synth 8-7052] The timing for the instance memory/mem_array_reg_3_1 (implemented as a Block RAM) might be sub-optimal as no optional output register could be merged into the ram block. Providing additional output register may help in improving timing.
INFO: [Synth 8-7052] The timing for the instance memory/mem_array_reg_3_1 (implemented as a Block RAM) might be sub-optimal as no optional output register could be merged into the ram block. Providing additional output register may help in improving timing.
---------------------------------------------------------------------------------
Finished Technology Mapping : Time (s): cpu = 00:01:57 ; elapsed = 00:02:04 . Memory (MB): peak = 1468.602 ; gain = 906.500
---------------------------------------------------------------------------------
---------------------------------------------------------------------------------
Start IO Insertion
---------------------------------------------------------------------------------
---------------------------------------------------------------------------------
Start Flattening Before IO Insertion
---------------------------------------------------------------------------------
---------------------------------------------------------------------------------
Finished Flattening Before IO Insertion
---------------------------------------------------------------------------------
---------------------------------------------------------------------------------
Start Final Netlist Cleanup
---------------------------------------------------------------------------------
---------------------------------------------------------------------------------
Finished Final Netlist Cleanup
---------------------------------------------------------------------------------
---------------------------------------------------------------------------------
Finished IO Insertion : Time (s): cpu = 00:02:05 ; elapsed = 00:02:12 . Memory (MB): peak = 1603.371 ; gain = 1041.270
---------------------------------------------------------------------------------
---------------------------------------------------------------------------------
Start Renaming Generated Instances
---------------------------------------------------------------------------------
---------------------------------------------------------------------------------
Finished Renaming Generated Instances : Time (s): cpu = 00:02:05 ; elapsed = 00:02:12 . Memory (MB): peak = 1603.371 ; gain = 1041.270
---------------------------------------------------------------------------------
---------------------------------------------------------------------------------
Start Rebuilding User Hierarchy
---------------------------------------------------------------------------------
---------------------------------------------------------------------------------
Finished Rebuilding User Hierarchy : Time (s): cpu = 00:02:05 ; elapsed = 00:02:12 . Memory (MB): peak = 1603.371 ; gain = 1041.270
---------------------------------------------------------------------------------
---------------------------------------------------------------------------------
Start Renaming Generated Ports
---------------------------------------------------------------------------------
---------------------------------------------------------------------------------
Finished Renaming Generated Ports : Time (s): cpu = 00:02:05 ; elapsed = 00:02:12 . Memory (MB): peak = 1603.371 ; gain = 1041.270
---------------------------------------------------------------------------------
---------------------------------------------------------------------------------
Start Handling Custom Attributes
---------------------------------------------------------------------------------
---------------------------------------------------------------------------------
Finished Handling Custom Attributes : Time (s): cpu = 00:02:05 ; elapsed = 00:02:13 . Memory (MB): peak = 1606.352 ; gain = 1044.250
---------------------------------------------------------------------------------
---------------------------------------------------------------------------------
Start Renaming Generated Nets
---------------------------------------------------------------------------------
---------------------------------------------------------------------------------
Finished Renaming Generated Nets : Time (s): cpu = 00:02:05 ; elapsed = 00:02:13 . Memory (MB): peak = 1606.352 ; gain = 1044.250
---------------------------------------------------------------------------------
---------------------------------------------------------------------------------
Start ROM, RAM, DSP, Shift Register and Retiming Reporting
---------------------------------------------------------------------------------

Static Shift Register Report:
+------------+----------------------------------+--------+-------+--------------+--------------------+-------------------+--------+---------+
|Module Name | RTL Name                         | Length | Width | Reset Signal | Pull out first Reg | Pull out last Reg | SRL16E | SRLC32E | 
+------------+----------------------------------+--------+-------+--------------+--------------------+-------------------+--------+---------+
|Processor   | datapath/div/dend_reg_reg[7][31] | 7      | 4     | NO           | NO                 | YES               | 4      | 0       | 
|Processor   | datapath/div/quot_reg_reg[7][27] | 7      | 4     | NO           | NO                 | YES               | 4      | 0       | 
|Processor   | datapath/div/quot_reg_reg[7][23] | 6      | 4     | NO           | NO                 | YES               | 4      | 0       | 
|Processor   | datapath/div/quot_reg_reg[7][19] | 5      | 4     | NO           | NO                 | YES               | 4      | 0       | 
|Processor   | datapath/div/quot_reg_reg[7][15] | 4      | 4     | NO           | NO                 | YES               | 4      | 0       | 
|Processor   | datapath/div/quot_reg_reg[7][11] | 3      | 4     | NO           | NO                 | YES               | 4      | 0       | 
|Processor   | datapath/div/dend_reg_reg[6][31] | 6      | 4     | NO           | NO                 | YES               | 4      | 0       | 
|Processor   | datapath/div/dend_reg_reg[5][31] | 5      | 4     | NO           | NO                 | YES               | 4      | 0       | 
|Processor   | datapath/div/dend_reg_reg[4][31] | 4      | 4     | NO           | NO                 | YES               | 4      | 0       | 
|Processor   | datapath/div/dend_reg_reg[3][31] | 3      | 4     | NO           | NO                 | YES               | 4      | 0       | 
+------------+----------------------------------+--------+-------+--------------+--------------------+-------------------+--------+---------+

---------------------------------------------------------------------------------
Finished ROM, RAM, DSP, Shift Register and Retiming Reporting
---------------------------------------------------------------------------------
---------------------------------------------------------------------------------
Start Writing Synthesis Report
---------------------------------------------------------------------------------

Report BlackBoxes: 
+-+--------------+----------+
| |BlackBox name |Instances |
+-+--------------+----------+
+-+--------------+----------+

Report Cell Usage: 
+------+---------+------+
|      |Cell     |Count |
+------+---------+------+
|1     |BUFG     |     2|
|2     |CARRY4   |   442|
|3     |LUT1     |    62|
|4     |LUT2     |   445|
|5     |LUT3     |   829|
|6     |LUT4     |  1179|
|7     |LUT5     |   691|
|8     |LUT6     |  1708|
|9     |MUXF7    |   256|
|10    |RAMB36E1 |     8|
|18    |SRL16E   |    40|
|19    |FDRE     |  1531|
|20    |IBUF     |     3|
|21    |OBUF     |     5|
+------+---------+------+
---------------------------------------------------------------------------------
Finished Writing Synthesis Report : Time (s): cpu = 00:02:05 ; elapsed = 00:02:13 . Memory (MB): peak = 1606.352 ; gain = 1044.250
---------------------------------------------------------------------------------
Synthesis finished with 0 errors, 0 critical warnings and 7 warnings.
Synthesis Optimization Runtime : Time (s): cpu = 00:01:58 ; elapsed = 00:02:11 . Memory (MB): peak = 1606.352 ; gain = 954.898
Synthesis Optimization Complete : Time (s): cpu = 00:02:06 ; elapsed = 00:02:13 . Memory (MB): peak = 1606.352 ; gain = 1044.250
INFO: [Project 1-571] Translating synthesized netlist
Netlist sorting complete. Time (s): cpu = 00:00:00 ; elapsed = 00:00:00.049 . Memory (MB): peak = 1615.449 ; gain = 0.000
INFO: [Netlist 29-17] Analyzing 706 Unisim elements for replacement
INFO: [Netlist 29-28] Unisim Transformation completed in 0 CPU seconds
INFO: [Project 1-570] Preparing netlist for logic optimization
INFO: [Opt 31-138] Pushed 1 inverter(s) to 8 load pin(s).
Netlist sorting complete. Time (s): cpu = 00:00:00 ; elapsed = 00:00:00.001 . Memory (MB): peak = 1619.133 ; gain = 0.000
INFO: [Project 1-111] Unisim Transformation Summary:
No Unisim elements were transformed.

Synth Design complete | Checksum: 18922404
INFO: [Common 17-83] Releasing license: Synthesis
51 Infos, 52 Warnings, 0 Critical Warnings and 0 Errors encountered.
synth_design completed successfully
synth_design: Time (s): cpu = 00:02:10 ; elapsed = 00:02:20 . Memory (MB): peak = 1619.133 ; gain = 1294.277
Write ShapeDB Complete: Time (s): cpu = 00:00:00 ; elapsed = 00:00:00.013 . Memory (MB): peak = 1619.133 ; gain = 0.000
INFO: [Common 17-1381] The checkpoint 'D:/Subject/SoCs/Lab/Lab4/mc/mc.runs/synth_1/Processor.dcp' has been generated.
INFO: [Vivado 12-24828] Executing command : report_utilization -file Processor_utilization_synth.rpt -pb Processor_utilization_synth.pb
INFO: [Common 17-206] Exiting Vivado at Tue Dec  9 11:35:48 2025...
