Copyright 1986-2022 Xilinx, Inc. All Rights Reserved. Copyright 2022-2024 Advanced Micro Devices, Inc. All Rights Reserved.
---------------------------------------------------------------------------------------------------------------------------------------------------
| Tool Version : Vivado v.2024.2 (win64) Build 5239630 Fri Nov 08 22:35:27 MST 2024
| Date         : Thu Dec 11 13:18:12 2025
| Host         : BadSugarDaddy running 64-bit major release  (build 9200)
| Command      : report_drc -file traffic_light_system_drc_opted.rpt -pb traffic_light_system_drc_opted.pb -rpx traffic_light_system_drc_opted.rpx
| Design       : traffic_light_system
| Device       : xc7z020clg400-1
| Speed File   : -1
| Design State : Synthesized
---------------------------------------------------------------------------------------------------------------------------------------------------

Report DRC

Table of Contents
-----------------
1. REPORT SUMMARY
2. REPORT DETAILS

1. REPORT SUMMARY
-----------------
            Netlist: netlist
          Floorplan: design_1
      Design limits: <entire design considered>
           Ruledeck: default
             Max checks: <unlimited>
             Checks found: 2
+--------+----------+------------------------------------------------+--------+
| Rule   | Severity | Description                                    | Checks |
+--------+----------+------------------------------------------------+--------+
| PLIO-3 | Warning  | Placement Constraints Check for IO constraints | 1      |
| ZPS7-1 | Warning  | PS7 block required                             | 1      |
+--------+----------+------------------------------------------------+--------+

2. REPORT DETAILS
-----------------
PLIO-3#1 Warning
Placement Constraints Check for IO constraints  
Partially locked IO Bus is found. Following components of the IO Bus btn[1:0] are not locked:  btn[0]
Related violations: <none>

ZPS7-1#1 Warning
PS7 block required  
The PS7 cell must be used in this Zynq design in order to enable correct default configuration.
Related violations: <none>


