Copyright 1986-2022 Xilinx, Inc. All Rights Reserved. Copyright 2022-2024 Advanced Micro Devices, Inc. All Rights Reserved.
---------------------------------------------------------------------------------------------------------------------------------------------
| Tool Version : Vivado v.2024.2 (win64) Build 5239630 Fri Nov 08 22:35:27 MST 2024
| Date         : Thu Dec 11 15:46:51 2025
| Host         : BadSugarDaddy running 64-bit major release  (build 9200)
| Command      : report_control_sets -verbose -file system_control_sets_placed.rpt
| Design       : system
| Device       : xc7z020
---------------------------------------------------------------------------------------------------------------------------------------------

Control Set Information

Table of Contents
-----------------
1. Summary
2. Histogram
3. Flip-Flop Distribution
4. Detailed Control Set Information

1. Summary
----------

+----------------------------------------------------------+-------+
|                          Status                          | Count |
+----------------------------------------------------------+-------+
| Total control sets                                       |    37 |
|    Minimum number of control sets                        |    37 |
|    Addition due to synthesis replication                 |     0 |
|    Addition due to physical synthesis replication        |     0 |
| Unused register locations in slices containing registers |    22 |
+----------------------------------------------------------+-------+
* Control sets can be merged at opt_design using control_set_merge or merge_equivalent_drivers
** Run report_qor_suggestions for automated merging and remapping suggestions


2. Histogram
------------

+--------------------+-------+
|       Fanout       | Count |
+--------------------+-------+
| Total control sets |    37 |
| >= 0 to < 4        |     1 |
| >= 4 to < 6        |     0 |
| >= 6 to < 8        |     0 |
| >= 8 to < 10       |     0 |
| >= 10 to < 12      |     0 |
| >= 12 to < 14      |     0 |
| >= 14 to < 16      |     0 |
| >= 16              |    36 |
+--------------------+-------+
* Control sets can be remapped at either synth_design or opt_design


3. Flip-Flop Distribution
-------------------------

+--------------+-----------------------+------------------------+-----------------+--------------+
| Clock Enable | Synchronous Set/Reset | Asynchronous Set/Reset | Total Registers | Total Slices |
+--------------+-----------------------+------------------------+-----------------+--------------+
| No           | No                    | No                     |             508 |          213 |
| No           | No                    | Yes                    |               0 |            0 |
| No           | Yes                   | No                     |             286 |          135 |
| Yes          | No                    | No                     |               0 |            0 |
| Yes          | No                    | Yes                    |               0 |            0 |
| Yes          | Yes                   | No                     |            1088 |          510 |
+--------------+-----------------------+------------------------+-----------------+--------------+


4. Detailed Control Set Information
-----------------------------------

+----------------+-----------------------------------------------+---------------------------------+------------------+----------------+--------------+
|  Clock Signal  |                 Enable Signal                 |         Set/Reset Signal        | Slice Load Count | Bel Load Count | Bels / Slice |
+----------------+-----------------------------------------------+---------------------------------+------------------+----------------+--------------+
|  clk_IBUF_BUFG |                                               |                                 |                1 |              3 |         3.00 |
|  sys_clk_BUFG  | my_processor/datapath/rf/regs[18][31]_i_1_n_0 | btn_IBUF[0]                     |               12 |             32 |         2.67 |
|  sys_clk_BUFG  | my_processor/datapath/rf/regs[30][31]_i_1_n_0 | btn_IBUF[0]                     |               18 |             32 |         1.78 |
|  sys_clk_BUFG  | my_processor/datapath/rf/regs[11][31]_i_1_n_0 | btn_IBUF[0]                     |               16 |             32 |         2.00 |
|  sys_clk_BUFG  | my_processor/datapath/if_id_inst[31]_i_2_n_0  | btn_IBUF[0]                     |               10 |             32 |         3.20 |
|  sys_clk_BUFG  | my_processor/datapath/rf/regs[5][31]_i_1_n_0  | btn_IBUF[0]                     |               17 |             32 |         1.88 |
|  sys_clk_BUFG  | my_processor/datapath/rf/regs[22][31]_i_1_n_0 | btn_IBUF[0]                     |               13 |             32 |         2.46 |
|  sys_clk_BUFG  | my_processor/datapath/rf/regs[9][31]_i_1_n_0  | btn_IBUF[0]                     |               20 |             32 |         1.60 |
|  sys_clk_BUFG  | my_processor/datapath/rf/regs[29][31]_i_1_n_0 | btn_IBUF[0]                     |               13 |             32 |         2.46 |
|  sys_clk_BUFG  | my_processor/datapath/rf/regs[28][31]_i_1_n_0 | btn_IBUF[0]                     |               18 |             32 |         1.78 |
|  sys_clk_BUFG  | my_processor/datapath/rf/regs[31][31]_i_1_n_0 | btn_IBUF[0]                     |               16 |             32 |         2.00 |
|  sys_clk_BUFG  | my_processor/datapath/rf/regs[3][31]_i_1_n_0  | btn_IBUF[0]                     |               19 |             32 |         1.68 |
|  sys_clk_BUFG  | my_processor/datapath/rf/regs[14][31]_i_1_n_0 | btn_IBUF[0]                     |               11 |             32 |         2.91 |
|  sys_clk_BUFG  | my_processor/datapath/rf/regs[27][31]_i_1_n_0 | btn_IBUF[0]                     |               14 |             32 |         2.29 |
|  sys_clk_BUFG  | my_processor/datapath/rf/regs[13][31]_i_1_n_0 | btn_IBUF[0]                     |               12 |             32 |         2.67 |
|  sys_clk_BUFG  | my_processor/datapath/rf/regs[16][31]_i_1_n_0 | btn_IBUF[0]                     |               12 |             32 |         2.67 |
|  sys_clk_BUFG  | my_processor/datapath/rf/regs[2][31]_i_1_n_0  | btn_IBUF[0]                     |               15 |             32 |         2.13 |
|  sys_clk_BUFG  | my_processor/datapath/rf/regs[23][31]_i_1_n_0 | btn_IBUF[0]                     |               16 |             32 |         2.00 |
|  sys_clk_BUFG  | my_processor/datapath/rf/regs[15][31]_i_1_n_0 | btn_IBUF[0]                     |               15 |             32 |         2.13 |
|  sys_clk_BUFG  | my_processor/datapath/rf/regs[19][31]_i_1_n_0 | btn_IBUF[0]                     |               15 |             32 |         2.13 |
|  sys_clk_BUFG  | my_processor/datapath/rf/regs[21][31]_i_1_n_0 | btn_IBUF[0]                     |               14 |             32 |         2.29 |
|  sys_clk_BUFG  | my_processor/datapath/rf/regs[17][31]_i_1_n_0 | btn_IBUF[0]                     |               14 |             32 |         2.29 |
|  sys_clk_BUFG  | my_processor/datapath/rf/regs[25][31]_i_1_n_0 | btn_IBUF[0]                     |                8 |             32 |         4.00 |
|  sys_clk_BUFG  | my_processor/datapath/rf/regs[7][31]_i_1_n_0  | btn_IBUF[0]                     |               18 |             32 |         1.78 |
|  sys_clk_BUFG  | my_processor/datapath/rf/regs[26][31]_i_1_n_0 | btn_IBUF[0]                     |               13 |             32 |         2.46 |
|  sys_clk_BUFG  | my_processor/datapath/rf/regs[8][31]_i_1_n_0  | btn_IBUF[0]                     |               19 |             32 |         1.68 |
|  sys_clk_BUFG  | my_processor/datapath/rf/regs[12][31]_i_1_n_0 | btn_IBUF[0]                     |               15 |             32 |         2.13 |
|  sys_clk_BUFG  | my_processor/datapath/rf/regs[1][31]_i_1_n_0  | btn_IBUF[0]                     |               13 |             32 |         2.46 |
|  sys_clk_BUFG  | my_processor/datapath/rf/regs[24][31]_i_1_n_0 | btn_IBUF[0]                     |               11 |             32 |         2.91 |
|  sys_clk_BUFG  | my_processor/datapath/rf/regs[20][31]_i_1_n_0 | btn_IBUF[0]                     |               17 |             32 |         1.88 |
|  sys_clk_BUFG  | my_processor/datapath/rf/regs[4][31]_i_1_n_0  | btn_IBUF[0]                     |               17 |             32 |         1.88 |
|  sys_clk_BUFG  | my_processor/datapath/rf/regs[6][31]_i_1_n_0  | btn_IBUF[0]                     |               17 |             32 |         1.88 |
|  sys_clk_BUFG  | my_processor/datapath/rf/regs[10][31]_i_1_n_0 | btn_IBUF[0]                     |               13 |             32 |         2.46 |
|  sys_clk_BUFG  | my_processor/datapath/if_id_inst[31]_i_2_n_0  | my_processor/datapath/if_id_pc0 |               39 |             64 |         1.64 |
|  sys_clk_BUFG  |                                               | btn_IBUF[0]                     |               64 |            123 |         1.92 |
|  sys_clk_BUFG  |                                               | my_processor/datapath/id_ex_pc0 |               71 |            163 |         2.30 |
|  sys_clk_BUFG  |                                               |                                 |              212 |            545 |         2.57 |
+----------------+-----------------------------------------------+---------------------------------+------------------+----------------+--------------+


